[0.364s] DEBUG:colcon:Command line arguments: ['/usr/bin/colcon', 'build', '--symlink-install']
[0.364s] DEBUG:colcon:Parsed command line arguments: Namespace(log_base=None, log_level=None, verb_name='build', build_base='build', install_base='install', merge_install=False, symlink_install=True, test_result_base=None, continue_on_error=False, executor='parallel', parallel_workers=8, event_handlers=None, ignore_user_meta=False, metas=['./colcon.meta'], base_paths=['.'], packages_ignore=None, packages_ignore_regex=None, paths=None, packages_up_to=None, packages_up_to_regex=None, packages_above=None, packages_above_and_dependencies=None, packages_above_depth=None, packages_select_by_dep=None, packages_skip_by_dep=None, packages_skip_up_to=None, packages_select_build_failed=False, packages_skip_build_finished=False, packages_select_test_failures=False, packages_skip_test_passed=False, packages_select=None, packages_skip=None, packages_select_regex=None, packages_skip_regex=None, packages_start=None, packages_end=None, lookup_in_workspace=False, cargo_args=None, clean_build=False, cmake_args=None, cmake_target=None, cmake_target_skip_unavailable=False, cmake_clean_cache=False, cmake_clean_first=False, cmake_force_configure=False, ament_cmake_args=None, catkin_cmake_args=None, catkin_skip_building_tests=False, mixin_files=None, mixin=None, verb_parser=<colcon_mixin.mixin.mixin_argument.MixinArgumentDecorator object at 0x7fc185475090>, verb_extension=<colcon_core.verb.build.BuildVerb object at 0x7fc185474b20>, main=<bound method BuildVerb.main of <colcon_core.verb.build.BuildVerb object at 0x7fc185474b20>>, mixin_verb=('build',))
[1.238s] Level 1:colcon.colcon_core.package_discovery:discover_packages(colcon_meta) check parameters
[1.238s] Level 1:colcon.colcon_core.package_discovery:discover_packages(recursive) check parameters
[1.238s] Level 1:colcon.colcon_core.package_discovery:discover_packages(ignore) check parameters
[1.238s] Level 1:colcon.colcon_core.package_discovery:discover_packages(path) check parameters
[1.238s] Level 1:colcon.colcon_core.package_discovery:discover_packages(colcon_meta) discover
[1.238s] Level 1:colcon.colcon_core.package_discovery:discover_packages(recursive) discover
[1.238s] INFO:colcon.colcon_core.package_discovery:Crawling recursively for packages in '/home/user/robot'
[1.238s] Level 1:colcon.colcon_core.package_identification:_identify(.) by extensions ['ignore', 'ignore_ament_install']
[1.239s] Level 1:colcon.colcon_core.package_identification:_identify(.) by extension 'ignore'
[1.239s] Level 1:colcon.colcon_core.package_identification:_identify(.) by extension 'ignore_ament_install'
[1.239s] Level 1:colcon.colcon_core.package_identification:_identify(.) by extensions ['colcon_pkg']
[1.239s] Level 1:colcon.colcon_core.package_identification:_identify(.) by extension 'colcon_pkg'
[1.239s] Level 1:colcon.colcon_core.package_identification:_identify(.) by extensions ['colcon_meta']
[1.239s] Level 1:colcon.colcon_core.package_identification:_identify(.) by extension 'colcon_meta'
[1.239s] Level 1:colcon.colcon_core.package_identification:_identify(.) by extensions ['ament_cargo']
[1.239s] Level 1:colcon.colcon_core.package_identification:_identify(.) by extension 'ament_cargo'
[1.239s] Level 1:colcon.colcon_core.package_identification:_identify(.) by extensions ['ros']
[1.239s] Level 1:colcon.colcon_core.package_identification:_identify(.) by extension 'ros'
[1.256s] Level 1:colcon.colcon_core.package_identification:_identify(.) by extensions ['cargo', 'cmake', 'python']
[1.256s] Level 1:colcon.colcon_core.package_identification:_identify(.) by extension 'cargo'
[1.256s] Level 1:colcon.colcon_core.package_identification:_identify(.) by extension 'cmake'
[1.256s] Level 1:colcon.colcon_core.package_identification:_identify(.) by extension 'python'
[1.257s] Level 1:colcon.colcon_core.package_identification:_identify(.) by extensions ['python_setup_py']
[1.257s] Level 1:colcon.colcon_core.package_identification:_identify(.) by extension 'python_setup_py'
[1.257s] Level 1:colcon.colcon_core.package_identification:_identify(build) by extensions ['ignore', 'ignore_ament_install']
[1.257s] Level 1:colcon.colcon_core.package_identification:_identify(build) by extension 'ignore'
[1.257s] Level 1:colcon.colcon_core.package_identification:_identify(build) ignored
[1.257s] Level 1:colcon.colcon_core.package_identification:_identify(config) by extensions ['ignore', 'ignore_ament_install']
[1.257s] Level 1:colcon.colcon_core.package_identification:_identify(config) by extension 'ignore'
[1.257s] Level 1:colcon.colcon_core.package_identification:_identify(config) by extension 'ignore_ament_install'
[1.257s] Level 1:colcon.colcon_core.package_identification:_identify(config) by extensions ['colcon_pkg']
[1.257s] Level 1:colcon.colcon_core.package_identification:_identify(config) by extension 'colcon_pkg'
[1.257s] Level 1:colcon.colcon_core.package_identification:_identify(config) by extensions ['colcon_meta']
[1.257s] Level 1:colcon.colcon_core.package_identification:_identify(config) by extension 'colcon_meta'
[1.257s] Level 1:colcon.colcon_core.package_identification:_identify(config) by extensions ['ament_cargo']
[1.257s] Level 1:colcon.colcon_core.package_identification:_identify(config) by extension 'ament_cargo'
[1.257s] Level 1:colcon.colcon_core.package_identification:_identify(config) by extensions ['ros']
[1.257s] Level 1:colcon.colcon_core.package_identification:_identify(config) by extension 'ros'
[1.257s] Level 1:colcon.colcon_core.package_identification:_identify(config) by extensions ['cargo', 'cmake', 'python']
[1.257s] Level 1:colcon.colcon_core.package_identification:_identify(config) by extension 'cargo'
[1.257s] Level 1:colcon.colcon_core.package_identification:_identify(config) by extension 'cmake'
[1.258s] Level 1:colcon.colcon_core.package_identification:_identify(config) by extension 'python'
[1.258s] Level 1:colcon.colcon_core.package_identification:_identify(config) by extensions ['python_setup_py']
[1.258s] Level 1:colcon.colcon_core.package_identification:_identify(config) by extension 'python_setup_py'
[1.258s] Level 1:colcon.colcon_core.package_identification:_identify(install) by extensions ['ignore', 'ignore_ament_install']
[1.258s] Level 1:colcon.colcon_core.package_identification:_identify(install) by extension 'ignore'
[1.258s] Level 1:colcon.colcon_core.package_identification:_identify(install) ignored
[1.258s] Level 1:colcon.colcon_core.package_identification:_identify(launch) by extensions ['ignore', 'ignore_ament_install']
[1.258s] Level 1:colcon.colcon_core.package_identification:_identify(launch) by extension 'ignore'
[1.258s] Level 1:colcon.colcon_core.package_identification:_identify(launch) by extension 'ignore_ament_install'
[1.258s] Level 1:colcon.colcon_core.package_identification:_identify(launch) by extensions ['colcon_pkg']
[1.258s] Level 1:colcon.colcon_core.package_identification:_identify(launch) by extension 'colcon_pkg'
[1.258s] Level 1:colcon.colcon_core.package_identification:_identify(launch) by extensions ['colcon_meta']
[1.258s] Level 1:colcon.colcon_core.package_identification:_identify(launch) by extension 'colcon_meta'
[1.258s] Level 1:colcon.colcon_core.package_identification:_identify(launch) by extensions ['ament_cargo']
[1.258s] Level 1:colcon.colcon_core.package_identification:_identify(launch) by extension 'ament_cargo'
[1.258s] Level 1:colcon.colcon_core.package_identification:_identify(launch) by extensions ['ros']
[1.258s] Level 1:colcon.colcon_core.package_identification:_identify(launch) by extension 'ros'
[1.258s] Level 1:colcon.colcon_core.package_identification:_identify(launch) by extensions ['cargo', 'cmake', 'python']
[1.258s] Level 1:colcon.colcon_core.package_identification:_identify(launch) by extension 'cargo'
[1.259s] Level 1:colcon.colcon_core.package_identification:_identify(launch) by extension 'cmake'
[1.259s] Level 1:colcon.colcon_core.package_identification:_identify(launch) by extension 'python'
[1.259s] Level 1:colcon.colcon_core.package_identification:_identify(launch) by extensions ['python_setup_py']
[1.259s] Level 1:colcon.colcon_core.package_identification:_identify(launch) by extension 'python_setup_py'
[1.259s] Level 1:colcon.colcon_core.package_identification:_identify(log) by extensions ['ignore', 'ignore_ament_install']
[1.259s] Level 1:colcon.colcon_core.package_identification:_identify(log) by extension 'ignore'
[1.259s] Level 1:colcon.colcon_core.package_identification:_identify(log) ignored
[1.259s] Level 1:colcon.colcon_core.package_identification:_identify(scripts) by extensions ['ignore', 'ignore_ament_install']
[1.259s] Level 1:colcon.colcon_core.package_identification:_identify(scripts) by extension 'ignore'
[1.259s] Level 1:colcon.colcon_core.package_identification:_identify(scripts) by extension 'ignore_ament_install'
[1.259s] Level 1:colcon.colcon_core.package_identification:_identify(scripts) by extensions ['colcon_pkg']
[1.259s] Level 1:colcon.colcon_core.package_identification:_identify(scripts) by extension 'colcon_pkg'
[1.259s] Level 1:colcon.colcon_core.package_identification:_identify(scripts) by extensions ['colcon_meta']
[1.259s] Level 1:colcon.colcon_core.package_identification:_identify(scripts) by extension 'colcon_meta'
[1.259s] Level 1:colcon.colcon_core.package_identification:_identify(scripts) by extensions ['ament_cargo']
[1.259s] Level 1:colcon.colcon_core.package_identification:_identify(scripts) by extension 'ament_cargo'
[1.259s] Level 1:colcon.colcon_core.package_identification:_identify(scripts) by extensions ['ros']
[1.259s] Level 1:colcon.colcon_core.package_identification:_identify(scripts) by extension 'ros'
[1.260s] Level 1:colcon.colcon_core.package_identification:_identify(scripts) by extensions ['cargo', 'cmake', 'python']
[1.260s] Level 1:colcon.colcon_core.package_identification:_identify(scripts) by extension 'cargo'
[1.260s] Level 1:colcon.colcon_core.package_identification:_identify(scripts) by extension 'cmake'
[1.260s] Level 1:colcon.colcon_core.package_identification:_identify(scripts) by extension 'python'
[1.260s] Level 1:colcon.colcon_core.package_identification:_identify(scripts) by extensions ['python_setup_py']
[1.260s] Level 1:colcon.colcon_core.package_identification:_identify(scripts) by extension 'python_setup_py'
[1.260s] Level 1:colcon.colcon_core.package_identification:_identify(sim) by extensions ['ignore', 'ignore_ament_install']
[1.260s] Level 1:colcon.colcon_core.package_identification:_identify(sim) by extension 'ignore'
[1.260s] Level 1:colcon.colcon_core.package_identification:_identify(sim) by extension 'ignore_ament_install'
[1.260s] Level 1:colcon.colcon_core.package_identification:_identify(sim) by extensions ['colcon_pkg']
[1.260s] Level 1:colcon.colcon_core.package_identification:_identify(sim) by extension 'colcon_pkg'
[1.260s] Level 1:colcon.colcon_core.package_identification:_identify(sim) by extensions ['colcon_meta']
[1.260s] Level 1:colcon.colcon_core.package_identification:_identify(sim) by extension 'colcon_meta'
[1.260s] Level 1:colcon.colcon_core.package_identification:_identify(sim) by extensions ['ament_cargo']
[1.260s] Level 1:colcon.colcon_core.package_identification:_identify(sim) by extension 'ament_cargo'
[1.260s] Level 1:colcon.colcon_core.package_identification:_identify(sim) by extensions ['ros']
[1.260s] Level 1:colcon.colcon_core.package_identification:_identify(sim) by extension 'ros'
[1.260s] Level 1:colcon.colcon_core.package_identification:_identify(sim) by extensions ['cargo', 'cmake', 'python']
[1.260s] Level 1:colcon.colcon_core.package_identification:_identify(sim) by extension 'cargo'
[1.260s] Level 1:colcon.colcon_core.package_identification:_identify(sim) by extension 'cmake'
[1.260s] Level 1:colcon.colcon_core.package_identification:_identify(sim) by extension 'python'
[1.261s] Level 1:colcon.colcon_core.package_identification:_identify(sim) by extensions ['python_setup_py']
[1.261s] Level 1:colcon.colcon_core.package_identification:_identify(sim) by extension 'python_setup_py'
[1.261s] Level 1:colcon.colcon_core.package_identification:_identify(sim/models) by extensions ['ignore', 'ignore_ament_install']
[1.261s] Level 1:colcon.colcon_core.package_identification:_identify(sim/models) by extension 'ignore'
[1.261s] Level 1:colcon.colcon_core.package_identification:_identify(sim/models) by extension 'ignore_ament_install'
[1.261s] Level 1:colcon.colcon_core.package_identification:_identify(sim/models) by extensions ['colcon_pkg']
[1.261s] Level 1:colcon.colcon_core.package_identification:_identify(sim/models) by extension 'colcon_pkg'
[1.261s] Level 1:colcon.colcon_core.package_identification:_identify(sim/models) by extensions ['colcon_meta']
[1.261s] Level 1:colcon.colcon_core.package_identification:_identify(sim/models) by extension 'colcon_meta'
[1.261s] Level 1:colcon.colcon_core.package_identification:_identify(sim/models) by extensions ['ament_cargo']
[1.261s] Level 1:colcon.colcon_core.package_identification:_identify(sim/models) by extension 'ament_cargo'
[1.261s] Level 1:colcon.colcon_core.package_identification:_identify(sim/models) by extensions ['ros']
[1.261s] Level 1:colcon.colcon_core.package_identification:_identify(sim/models) by extension 'ros'
[1.261s] Level 1:colcon.colcon_core.package_identification:_identify(sim/models) by extensions ['cargo', 'cmake', 'python']
[1.261s] Level 1:colcon.colcon_core.package_identification:_identify(sim/models) by extension 'cargo'
[1.261s] Level 1:colcon.colcon_core.package_identification:_identify(sim/models) by extension 'cmake'
[1.261s] Level 1:colcon.colcon_core.package_identification:_identify(sim/models) by extension 'python'
[1.261s] Level 1:colcon.colcon_core.package_identification:_identify(sim/models) by extensions ['python_setup_py']
[1.261s] Level 1:colcon.colcon_core.package_identification:_identify(sim/models) by extension 'python_setup_py'
[1.262s] Level 1:colcon.colcon_core.package_identification:_identify(sim/worlds) by extensions ['ignore', 'ignore_ament_install']
[1.262s] Level 1:colcon.colcon_core.package_identification:_identify(sim/worlds) by extension 'ignore'
[1.262s] Level 1:colcon.colcon_core.package_identification:_identify(sim/worlds) by extension 'ignore_ament_install'
[1.262s] Level 1:colcon.colcon_core.package_identification:_identify(sim/worlds) by extensions ['colcon_pkg']
[1.262s] Level 1:colcon.colcon_core.package_identification:_identify(sim/worlds) by extension 'colcon_pkg'
[1.262s] Level 1:colcon.colcon_core.package_identification:_identify(sim/worlds) by extensions ['colcon_meta']
[1.262s] Level 1:colcon.colcon_core.package_identification:_identify(sim/worlds) by extension 'colcon_meta'
[1.262s] Level 1:colcon.colcon_core.package_identification:_identify(sim/worlds) by extensions ['ament_cargo']
[1.262s] Level 1:colcon.colcon_core.package_identification:_identify(sim/worlds) by extension 'ament_cargo'
[1.262s] Level 1:colcon.colcon_core.package_identification:_identify(sim/worlds) by extensions ['ros']
[1.262s] Level 1:colcon.colcon_core.package_identification:_identify(sim/worlds) by extension 'ros'
[1.262s] Level 1:colcon.colcon_core.package_identification:_identify(sim/worlds) by extensions ['cargo', 'cmake', 'python']
[1.262s] Level 1:colcon.colcon_core.package_identification:_identify(sim/worlds) by extension 'cargo'
[1.262s] Level 1:colcon.colcon_core.package_identification:_identify(sim/worlds) by extension 'cmake'
[1.262s] Level 1:colcon.colcon_core.package_identification:_identify(sim/worlds) by extension 'python'
[1.262s] Level 1:colcon.colcon_core.package_identification:_identify(sim/worlds) by extensions ['python_setup_py']
[1.262s] Level 1:colcon.colcon_core.package_identification:_identify(sim/worlds) by extension 'python_setup_py'
[1.262s] Level 1:colcon.colcon_core.package_identification:_identify(src) by extensions ['ignore', 'ignore_ament_install']
[1.263s] Level 1:colcon.colcon_core.package_identification:_identify(src) by extension 'ignore'
[1.263s] Level 1:colcon.colcon_core.package_identification:_identify(src) by extension 'ignore_ament_install'
[1.263s] Level 1:colcon.colcon_core.package_identification:_identify(src) by extensions ['colcon_pkg']
[1.263s] Level 1:colcon.colcon_core.package_identification:_identify(src) by extension 'colcon_pkg'
[1.263s] Level 1:colcon.colcon_core.package_identification:_identify(src) by extensions ['colcon_meta']
[1.263s] Level 1:colcon.colcon_core.package_identification:_identify(src) by extension 'colcon_meta'
[1.263s] Level 1:colcon.colcon_core.package_identification:_identify(src) by extensions ['ament_cargo']
[1.263s] Level 1:colcon.colcon_core.package_identification:_identify(src) by extension 'ament_cargo'
[1.263s] Level 1:colcon.colcon_core.package_identification:_identify(src) by extensions ['ros']
[1.263s] Level 1:colcon.colcon_core.package_identification:_identify(src) by extension 'ros'
[1.263s] Level 1:colcon.colcon_core.package_identification:_identify(src) by extensions ['cargo', 'cmake', 'python']
[1.263s] Level 1:colcon.colcon_core.package_identification:_identify(src) by extension 'cargo'
[1.263s] Level 1:colcon.colcon_core.package_identification:_identify(src) by extension 'cmake'
[1.263s] Level 1:colcon.colcon_core.package_identification:_identify(src) by extension 'python'
[1.263s] Level 1:colcon.colcon_core.package_identification:_identify(src) by extensions ['python_setup_py']
[1.263s] Level 1:colcon.colcon_core.package_identification:_identify(src) by extension 'python_setup_py'
[1.263s] Level 1:colcon.colcon_core.package_identification:_identify(src/pioneer_gazebo) by extensions ['ignore', 'ignore_ament_install']
[1.263s] Level 1:colcon.colcon_core.package_identification:_identify(src/pioneer_gazebo) by extension 'ignore'
[1.263s] Level 1:colcon.colcon_core.package_identification:_identify(src/pioneer_gazebo) by extension 'ignore_ament_install'
[1.263s] Level 1:colcon.colcon_core.package_identification:_identify(src/pioneer_gazebo) by extensions ['colcon_pkg']
[1.264s] Level 1:colcon.colcon_core.package_identification:_identify(src/pioneer_gazebo) by extension 'colcon_pkg'
[1.264s] Level 1:colcon.colcon_core.package_identification:_identify(src/pioneer_gazebo) by extensions ['colcon_meta']
[1.264s] Level 1:colcon.colcon_core.package_identification:_identify(src/pioneer_gazebo) by extension 'colcon_meta'
[1.264s] Level 1:colcon.colcon_core.package_identification:_identify(src/pioneer_gazebo) by extensions ['ament_cargo']
[1.264s] Level 1:colcon.colcon_core.package_identification:_identify(src/pioneer_gazebo) by extension 'ament_cargo'
[1.264s] Level 1:colcon.colcon_core.package_identification:_identify(src/pioneer_gazebo) by extensions ['ros']
[1.264s] Level 1:colcon.colcon_core.package_identification:_identify(src/pioneer_gazebo) by extension 'ros'
[1.266s] DEBUG:colcon.colcon_core.package_identification:Package 'src/pioneer_gazebo' with type 'ros.ament_python' and name 'pioneer_gazebo'
[1.266s] Level 1:colcon.colcon_core.package_identification:_identify(tests) by extensions ['ignore', 'ignore_ament_install']
[1.266s] Level 1:colcon.colcon_core.package_identification:_identify(tests) by extension 'ignore'
[1.266s] Level 1:colcon.colcon_core.package_identification:_identify(tests) by extension 'ignore_ament_install'
[1.266s] Level 1:colcon.colcon_core.package_identification:_identify(tests) by extensions ['colcon_pkg']
[1.266s] Level 1:colcon.colcon_core.package_identification:_identify(tests) by extension 'colcon_pkg'
[1.267s] Level 1:colcon.colcon_core.package_identification:_identify(tests) by extensions ['colcon_meta']
[1.267s] Level 1:colcon.colcon_core.package_identification:_identify(tests) by extension 'colcon_meta'
[1.267s] Level 1:colcon.colcon_core.package_identification:_identify(tests) by extensions ['ament_cargo']
[1.267s] Level 1:colcon.colcon_core.package_identification:_identify(tests) by extension 'ament_cargo'
[1.267s] Level 1:colcon.colcon_core.package_identification:_identify(tests) by extensions ['ros']
[1.267s] Level 1:colcon.colcon_core.package_identification:_identify(tests) by extension 'ros'
[1.267s] Level 1:colcon.colcon_core.package_identification:_identify(tests) by extensions ['cargo', 'cmake', 'python']
[1.267s] Level 1:colcon.colcon_core.package_identification:_identify(tests) by extension 'cargo'
[1.267s] Level 1:colcon.colcon_core.package_identification:_identify(tests) by extension 'cmake'
[1.267s] Level 1:colcon.colcon_core.package_identification:_identify(tests) by extension 'python'
[1.267s] Level 1:colcon.colcon_core.package_identification:_identify(tests) by extensions ['python_setup_py']
[1.267s] Level 1:colcon.colcon_core.package_identification:_identify(tests) by extension 'python_setup_py'
[1.267s] Level 1:colcon.colcon_core.package_identification:_identify(tools) by extensions ['ignore', 'ignore_ament_install']
[1.267s] Level 1:colcon.colcon_core.package_identification:_identify(tools) by extension 'ignore'
[1.267s] Level 1:colcon.colcon_core.package_identification:_identify(tools) by extension 'ignore_ament_install'
[1.267s] Level 1:colcon.colcon_core.package_identification:_identify(tools) by extensions ['colcon_pkg']
[1.267s] Level 1:colcon.colcon_core.package_identification:_identify(tools) by extension 'colcon_pkg'
[1.267s] Level 1:colcon.colcon_core.package_identification:_identify(tools) by extensions ['colcon_meta']
[1.267s] Level 1:colcon.colcon_core.package_identification:_identify(tools) by extension 'colcon_meta'
[1.267s] Level 1:colcon.colcon_core.package_identification:_identify(tools) by extensions ['ament_cargo']
[1.268s] Level 1:colcon.colcon_core.package_identification:_identify(tools) by extension 'ament_cargo'
[1.268s] Level 1:colcon.colcon_core.package_identification:_identify(tools) by extensions ['ros']
[1.268s] Level 1:colcon.colcon_core.package_identification:_identify(tools) by extension 'ros'
[1.268s] Level 1:colcon.colcon_core.package_identification:_identify(tools) by extensions ['cargo', 'cmake', 'python']
[1.268s] Level 1:colcon.colcon_core.package_identification:_identify(tools) by extension 'cargo'
[1.268s] Level 1:colcon.colcon_core.package_identification:_identify(tools) by extension 'cmake'
[1.268s] Level 1:colcon.colcon_core.package_identification:_identify(tools) by extension 'python'
[1.268s] Level 1:colcon.colcon_core.package_identification:_identify(tools) by extensions ['python_setup_py']
[1.268s] Level 1:colcon.colcon_core.package_identification:_identify(tools) by extension 'python_setup_py'
[1.268s] Level 1:colcon.colcon_core.package_discovery:discover_packages(recursive) using defaults
[1.268s] Level 1:colcon.colcon_core.package_discovery:discover_packages(ignore) discover
[1.268s] Level 1:colcon.colcon_core.package_discovery:discover_packages(ignore) using defaults
[1.268s] Level 1:colcon.colcon_core.package_discovery:discover_packages(path) discover
[1.268s] Level 1:colcon.colcon_core.package_discovery:discover_packages(path) using defaults
[1.353s] Level 5:colcon.colcon_core.verb:set package 'pioneer_gazebo' build argument 'lookup_in_workspace' from command line to 'False'
[1.353s] Level 5:colcon.colcon_core.verb:set package 'pioneer_gazebo' build argument 'cargo_args' from command line to 'None'
[1.353s] Level 5:colcon.colcon_core.verb:set package 'pioneer_gazebo' build argument 'clean_build' from command line to 'False'
[1.353s] Level 5:colcon.colcon_core.verb:set package 'pioneer_gazebo' build argument 'cmake_args' from command line to 'None'
[1.353s] Level 5:colcon.colcon_core.verb:set package 'pioneer_gazebo' build argument 'cmake_target' from command line to 'None'
[1.354s] Level 5:colcon.colcon_core.verb:set package 'pioneer_gazebo' build argument 'cmake_target_skip_unavailable' from command line to 'False'
[1.354s] Level 5:colcon.colcon_core.verb:set package 'pioneer_gazebo' build argument 'cmake_clean_cache' from command line to 'False'
[1.354s] Level 5:colcon.colcon_core.verb:set package 'pioneer_gazebo' build argument 'cmake_clean_first' from command line to 'False'
[1.354s] Level 5:colcon.colcon_core.verb:set package 'pioneer_gazebo' build argument 'cmake_force_configure' from command line to 'False'
[1.354s] Level 5:colcon.colcon_core.verb:set package 'pioneer_gazebo' build argument 'ament_cmake_args' from command line to 'None'
[1.354s] Level 5:colcon.colcon_core.verb:set package 'pioneer_gazebo' build argument 'catkin_cmake_args' from command line to 'None'
[1.354s] Level 5:colcon.colcon_core.verb:set package 'pioneer_gazebo' build argument 'catkin_skip_building_tests' from command line to 'False'
[1.354s] DEBUG:colcon.colcon_core.verb:Building package 'pioneer_gazebo' with the following arguments: {'ament_cmake_args': None, 'build_base': '/home/user/robot/build/pioneer_gazebo', 'cargo_args': None, 'catkin_cmake_args': None, 'catkin_skip_building_tests': False, 'clean_build': False, 'cmake_args': None, 'cmake_clean_cache': False, 'cmake_clean_first': False, 'cmake_force_configure': False, 'cmake_target': None, 'cmake_target_skip_unavailable': False, 'install_base': '/home/user/robot/install/pioneer_gazebo', 'lookup_in_workspace': False, 'merge_install': False, 'path': '/home/user/robot/src/pioneer_gazebo', 'symlink_install': True, 'test_result_base': None}
[1.354s] INFO:colcon.colcon_core.executor:Executing jobs using 'parallel' executor
[1.355s] DEBUG:colcon.colcon_parallel_executor.executor.parallel:run_until_complete
[1.355s] INFO:colcon.colcon_ros.task.ament_python.build:Building ROS package in '/home/user/robot/src/pioneer_gazebo' with build type 'ament_python'
[1.355s] Level 1:colcon.colcon_core.shell:create_environment_hook('pioneer_gazebo', 'ament_prefix_path')
[1.366s] INFO:colcon.colcon_core.plugin_system:Skipping extension 'colcon_core.shell.bat': Not used on non-Windows systems
[1.366s] INFO:colcon.colcon_core.shell:Creating environment hook '/home/user/robot/install/pioneer_gazebo/share/pioneer_gazebo/hook/ament_prefix_path.ps1'
[1.368s] INFO:colcon.colcon_core.shell:Creating environment descriptor '/home/user/robot/install/pioneer_gazebo/share/pioneer_gazebo/hook/ament_prefix_path.dsv'
[1.369s] INFO:colcon.colcon_core.shell:Creating environment hook '/home/user/robot/install/pioneer_gazebo/share/pioneer_gazebo/hook/ament_prefix_path.sh'
[1.370s] INFO:colcon.colcon_core.shell:Skip shell extension 'powershell' for command environment: Not usable outside of PowerShell
[1.370s] DEBUG:colcon.colcon_core.shell:Skip shell extension 'dsv' for command environment
[1.710s] INFO:colcon.colcon_core.task.python.build:Building Python package in '/home/user/robot/src/pioneer_gazebo'
[1.711s] INFO:colcon.colcon_core.shell:Skip shell extension 'powershell' for command environment: Not usable outside of PowerShell
[1.711s] DEBUG:colcon.colcon_core.shell:Skip shell extension 'dsv' for command environment
[3.485s] DEBUG:colcon.colcon_core.event_handler.log_command:Invoking command in '/home/user/robot/build/pioneer_gazebo': PYTHONPATH=/home/user/robot/build/pioneer_gazebo/prefix_override:/usr/lib/python3/dist-packages/colcon_core/task/python/colcon_distutils_commands:/home/user/robot/install/pioneer_gazebo/lib/python3.10/site-packages:${PYTHONPATH} _=/usr/bin/env /usr/bin/python3 -W ignore:setup.py install is deprecated -W ignore:easy_install command is deprecated setup.py develop --editable --build-directory /home/user/robot/build/pioneer_gazebo/build --no-deps symlink_data
[4.310s] Level 1:colcon.colcon_core.shell:create_environment_hook('pioneer_gazebo', 'pythonpath_develop')
[4.311s] INFO:colcon.colcon_core.shell:Creating environment hook '/home/user/robot/build/pioneer_gazebo/share/pioneer_gazebo/hook/pythonpath_develop.ps1'
[4.311s] DEBUG:colcon.colcon_core.event_handler.log_command:Invoked command in '/home/user/robot/build/pioneer_gazebo' returned '0': PYTHONPATH=/home/user/robot/build/pioneer_gazebo/prefix_override:/usr/lib/python3/dist-packages/colcon_core/task/python/colcon_distutils_commands:/home/user/robot/install/pioneer_gazebo/lib/python3.10/site-packages:${PYTHONPATH} _=/usr/bin/env /usr/bin/python3 -W ignore:setup.py install is deprecated -W ignore:easy_install command is deprecated setup.py develop --editable --build-directory /home/user/robot/build/pioneer_gazebo/build --no-deps symlink_data
[4.311s] INFO:colcon.colcon_core.shell:Creating environment descriptor '/home/user/robot/build/pioneer_gazebo/share/pioneer_gazebo/hook/pythonpath_develop.dsv'
[4.312s] INFO:colcon.colcon_core.shell:Creating environment hook '/home/user/robot/build/pioneer_gazebo/share/pioneer_gazebo/hook/pythonpath_develop.sh'
[4.326s] Level 1:colcon.colcon_core.environment:checking '/home/user/robot/install/pioneer_gazebo' for CMake module files
[4.327s] Level 1:colcon.colcon_core.environment:checking '/home/user/robot/install/pioneer_gazebo' for CMake config files
[4.328s] Level 1:colcon.colcon_core.environment:checking '/home/user/robot/install/pioneer_gazebo/lib'
[4.328s] Level 1:colcon.colcon_core.environment:checking '/home/user/robot/install/pioneer_gazebo/bin'
[4.328s] Level 1:colcon.colcon_core.environment:checking '/home/user/robot/install/pioneer_gazebo/lib/pkgconfig/pioneer_gazebo.pc'
[4.328s] Level 1:colcon.colcon_core.environment:checking '/home/user/robot/install/pioneer_gazebo/lib/python3.10/site-packages'
[4.328s] Level 1:colcon.colcon_core.shell:create_environment_hook('pioneer_gazebo', 'pythonpath')
[4.328s] INFO:colcon.colcon_core.shell:Creating environment hook '/home/user/robot/install/pioneer_gazebo/share/pioneer_gazebo/hook/pythonpath.ps1'
[4.329s] INFO:colcon.colcon_core.shell:Creating environment descriptor '/home/user/robot/install/pioneer_gazebo/share/pioneer_gazebo/hook/pythonpath.dsv'
[4.329s] INFO:colcon.colcon_core.shell:Creating environment hook '/home/user/robot/install/pioneer_gazebo/share/pioneer_gazebo/hook/pythonpath.sh'
[4.330s] Level 1:colcon.colcon_core.environment:checking '/home/user/robot/install/pioneer_gazebo/bin'
[4.330s] Level 1:colcon.colcon_core.environment:create_environment_scripts_only(pioneer_gazebo)
[4.330s] INFO:colcon.colcon_core.shell:Creating package script '/home/user/robot/install/pioneer_gazebo/share/pioneer_gazebo/package.ps1'
[4.332s] INFO:colcon.colcon_core.shell:Creating package descriptor '/home/user/robot/install/pioneer_gazebo/share/pioneer_gazebo/package.dsv'
[4.333s] INFO:colcon.colcon_core.shell:Creating package script '/home/user/robot/install/pioneer_gazebo/share/pioneer_gazebo/package.sh'
[4.334s] INFO:colcon.colcon_core.shell:Creating package script '/home/user/robot/install/pioneer_gazebo/share/pioneer_gazebo/package.bash'
[4.336s] INFO:colcon.colcon_core.shell:Creating package script '/home/user/robot/install/pioneer_gazebo/share/pioneer_gazebo/package.zsh'
[4.337s] Level 1:colcon.colcon_core.environment:create_file_with_runtime_dependencies(/home/user/robot/install/pioneer_gazebo/share/colcon-core/packages/pioneer_gazebo)
[4.337s] DEBUG:colcon.colcon_parallel_executor.executor.parallel:closing loop
[4.338s] DEBUG:colcon.colcon_parallel_executor.executor.parallel:loop closed
[4.338s] DEBUG:colcon.colcon_parallel_executor.executor.parallel:run_until_complete finished with '0'
[4.338s] DEBUG:colcon.colcon_core.event_reactor:joining thread
[4.567s] INFO:colcon.colcon_core.plugin_system:Skipping extension 'colcon_notification.desktop_notification.notify_send': Could not find 'notify-send'
[4.568s] INFO:colcon.colcon_core.plugin_system:Skipping extension 'colcon_notification.desktop_notification.terminal_notifier': Not used on non-Darwin systems
[4.568s] INFO:colcon.colcon_core.plugin_system:Skipping extension 'colcon_notification.desktop_notification.win32': Not used on non-Windows systems
[4.568s] INFO:colcon.colcon_notification.desktop_notification:Sending desktop notification using 'notify2'
[4.569s] DEBUG:colcon.colcon_notification.desktop_notification.notify2:Failed to initialize notify2: org.freedesktop.DBus.Error.Spawn.ExecFailed: /usr/bin/dbus-launch terminated abnormally without any error message
[4.570s] DEBUG:colcon.colcon_core.event_reactor:joined thread
[4.570s] INFO:colcon.colcon_core.shell:Creating prefix script '/home/user/robot/install/local_setup.ps1'
[4.572s] INFO:colcon.colcon_core.shell:Creating prefix util module '/home/user/robot/install/_local_setup_util_ps1.py'
[4.574s] INFO:colcon.colcon_core.shell:Creating prefix chain script '/home/user/robot/install/setup.ps1'
[4.576s] INFO:colcon.colcon_core.shell:Creating prefix script '/home/user/robot/install/local_setup.sh'
[4.577s] INFO:colcon.colcon_core.shell:Creating prefix util module '/home/user/robot/install/_local_setup_util_sh.py'
[4.578s] INFO:colcon.colcon_core.shell:Creating prefix chain script '/home/user/robot/install/setup.sh'
[4.580s] INFO:colcon.colcon_core.shell:Creating prefix script '/home/user/robot/install/local_setup.bash'
[4.581s] INFO:colcon.colcon_core.shell:Creating prefix chain script '/home/user/robot/install/setup.bash'
[4.582s] INFO:colcon.colcon_core.shell:Creating prefix script '/home/user/robot/install/local_setup.zsh'
[4.583s] INFO:colcon.colcon_core.shell:Creating prefix chain script '/home/user/robot/install/setup.zsh'
