[1.591s] DEBUG:colcon:Command line arguments: ['/usr/bin/colcon', 'build', '--symlink-install']
[1.592s] DEBUG:colcon:Parsed command line arguments: Namespace(log_base=None, log_level=None, verb_name='build', build_base='build', install_base='install', merge_install=False, symlink_install=True, test_result_base=None, continue_on_error=False, executor='parallel', parallel_workers=8, event_handlers=None, ignore_user_meta=False, metas=['./colcon.meta'], base_paths=['.'], packages_ignore=None, packages_ignore_regex=None, paths=None, packages_up_to=None, packages_up_to_regex=None, packages_above=None, packages_above_and_dependencies=None, packages_above_depth=None, packages_select_by_dep=None, packages_skip_by_dep=None, packages_skip_up_to=None, packages_select_build_failed=False, packages_skip_build_finished=False, packages_select_test_failures=False, packages_skip_test_passed=False, packages_select=None, packages_skip=None, packages_select_regex=None, packages_skip_regex=None, packages_start=None, packages_end=None, lookup_in_workspace=False, cargo_args=None, clean_build=False, cmake_args=None, cmake_target=None, cmake_target_skip_unavailable=False, cmake_clean_cache=False, cmake_clean_first=False, cmake_force_configure=False, ament_cmake_args=None, catkin_cmake_args=None, catkin_skip_building_tests=False, mixin_files=None, mixin=None, verb_parser=<colcon_mixin.mixin.mixin_argument.MixinArgumentDecorator object at 0x7f07bb25c700>, verb_extension=<colcon_core.verb.build.BuildVerb object at 0x7f07bb25c190>, main=<bound method BuildVerb.main of <colcon_core.verb.build.BuildVerb object at 0x7f07bb25c190>>, mixin_verb=('build',))
[2.012s] Level 1:colcon.colcon_core.package_discovery:discover_packages(colcon_meta) check parameters
[2.013s] Level 1:colcon.colcon_core.package_discovery:discover_packages(recursive) check parameters
[2.013s] Level 1:colcon.colcon_core.package_discovery:discover_packages(ignore) check parameters
[2.013s] Level 1:colcon.colcon_core.package_discovery:discover_packages(path) check parameters
[2.013s] Level 1:colcon.colcon_core.package_discovery:discover_packages(colcon_meta) discover
[2.013s] Level 1:colcon.colcon_core.package_discovery:discover_packages(recursive) discover
[2.013s] INFO:colcon.colcon_core.package_discovery:Crawling recursively for packages in '/home/user/robot'
[2.013s] Level 1:colcon.colcon_core.package_identification:_identify(.) by extensions ['ignore', 'ignore_ament_install']
[2.014s] Level 1:colcon.colcon_core.package_identification:_identify(.) by extension 'ignore'
[2.014s] Level 1:colcon.colcon_core.package_identification:_identify(.) by extension 'ignore_ament_install'
[2.014s] Level 1:colcon.colcon_core.package_identification:_identify(.) by extensions ['colcon_pkg']
[2.014s] Level 1:colcon.colcon_core.package_identification:_identify(.) by extension 'colcon_pkg'
[2.014s] Level 1:colcon.colcon_core.package_identification:_identify(.) by extensions ['colcon_meta']
[2.014s] Level 1:colcon.colcon_core.package_identification:_identify(.) by extension 'colcon_meta'
[2.014s] Level 1:colcon.colcon_core.package_identification:_identify(.) by extensions ['ament_cargo']
[2.014s] Level 1:colcon.colcon_core.package_identification:_identify(.) by extension 'ament_cargo'
[2.014s] Level 1:colcon.colcon_core.package_identification:_identify(.) by extensions ['ros']
[2.014s] Level 1:colcon.colcon_core.package_identification:_identify(.) by extension 'ros'
[2.112s] Level 1:colcon.colcon_core.package_identification:_identify(.) by extensions ['cargo', 'cmake', 'python']
[2.112s] Level 1:colcon.colcon_core.package_identification:_identify(.) by extension 'cargo'
[2.112s] Level 1:colcon.colcon_core.package_identification:_identify(.) by extension 'cmake'
[2.112s] Level 1:colcon.colcon_core.package_identification:_identify(.) by extension 'python'
[2.112s] Level 1:colcon.colcon_core.package_identification:_identify(.) by extensions ['python_setup_py']
[2.112s] Level 1:colcon.colcon_core.package_identification:_identify(.) by extension 'python_setup_py'
[2.113s] Level 1:colcon.colcon_core.package_identification:_identify(build) by extensions ['ignore', 'ignore_ament_install']
[2.113s] Level 1:colcon.colcon_core.package_identification:_identify(build) by extension 'ignore'
[2.113s] Level 1:colcon.colcon_core.package_identification:_identify(build) ignored
[2.113s] Level 1:colcon.colcon_core.package_identification:_identify(config) by extensions ['ignore', 'ignore_ament_install']
[2.113s] Level 1:colcon.colcon_core.package_identification:_identify(config) by extension 'ignore'
[2.113s] Level 1:colcon.colcon_core.package_identification:_identify(config) by extension 'ignore_ament_install'
[2.113s] Level 1:colcon.colcon_core.package_identification:_identify(config) by extensions ['colcon_pkg']
[2.114s] Level 1:colcon.colcon_core.package_identification:_identify(config) by extension 'colcon_pkg'
[2.114s] Level 1:colcon.colcon_core.package_identification:_identify(config) by extensions ['colcon_meta']
[2.114s] Level 1:colcon.colcon_core.package_identification:_identify(config) by extension 'colcon_meta'
[2.114s] Level 1:colcon.colcon_core.package_identification:_identify(config) by extensions ['ament_cargo']
[2.114s] Level 1:colcon.colcon_core.package_identification:_identify(config) by extension 'ament_cargo'
[2.114s] Level 1:colcon.colcon_core.package_identification:_identify(config) by extensions ['ros']
[2.114s] Level 1:colcon.colcon_core.package_identification:_identify(config) by extension 'ros'
[2.114s] Level 1:colcon.colcon_core.package_identification:_identify(config) by extensions ['cargo', 'cmake', 'python']
[2.114s] Level 1:colcon.colcon_core.package_identification:_identify(config) by extension 'cargo'
[2.114s] Level 1:colcon.colcon_core.package_identification:_identify(config) by extension 'cmake'
[2.114s] Level 1:colcon.colcon_core.package_identification:_identify(config) by extension 'python'
[2.114s] Level 1:colcon.colcon_core.package_identification:_identify(config) by extensions ['python_setup_py']
[2.115s] Level 1:colcon.colcon_core.package_identification:_identify(config) by extension 'python_setup_py'
[2.115s] Level 1:colcon.colcon_core.package_identification:_identify(install) by extensions ['ignore', 'ignore_ament_install']
[2.115s] Level 1:colcon.colcon_core.package_identification:_identify(install) by extension 'ignore'
[2.115s] Level 1:colcon.colcon_core.package_identification:_identify(install) ignored
[2.115s] Level 1:colcon.colcon_core.package_identification:_identify(launch) by extensions ['ignore', 'ignore_ament_install']
[2.115s] Level 1:colcon.colcon_core.package_identification:_identify(launch) by extension 'ignore'
[2.115s] Level 1:colcon.colcon_core.package_identification:_identify(launch) by extension 'ignore_ament_install'
[2.115s] Level 1:colcon.colcon_core.package_identification:_identify(launch) by extensions ['colcon_pkg']
[2.115s] Level 1:colcon.colcon_core.package_identification:_identify(launch) by extension 'colcon_pkg'
[2.116s] Level 1:colcon.colcon_core.package_identification:_identify(launch) by extensions ['colcon_meta']
[2.116s] Level 1:colcon.colcon_core.package_identification:_identify(launch) by extension 'colcon_meta'
[2.116s] Level 1:colcon.colcon_core.package_identification:_identify(launch) by extensions ['ament_cargo']
[2.116s] Level 1:colcon.colcon_core.package_identification:_identify(launch) by extension 'ament_cargo'
[2.116s] Level 1:colcon.colcon_core.package_identification:_identify(launch) by extensions ['ros']
[2.116s] Level 1:colcon.colcon_core.package_identification:_identify(launch) by extension 'ros'
[2.116s] Level 1:colcon.colcon_core.package_identification:_identify(launch) by extensions ['cargo', 'cmake', 'python']
[2.116s] Level 1:colcon.colcon_core.package_identification:_identify(launch) by extension 'cargo'
[2.116s] Level 1:colcon.colcon_core.package_identification:_identify(launch) by extension 'cmake'
[2.116s] Level 1:colcon.colcon_core.package_identification:_identify(launch) by extension 'python'
[2.117s] Level 1:colcon.colcon_core.package_identification:_identify(launch) by extensions ['python_setup_py']
[2.117s] Level 1:colcon.colcon_core.package_identification:_identify(launch) by extension 'python_setup_py'
[2.117s] Level 1:colcon.colcon_core.package_identification:_identify(log) by extensions ['ignore', 'ignore_ament_install']
[2.117s] Level 1:colcon.colcon_core.package_identification:_identify(log) by extension 'ignore'
[2.117s] Level 1:colcon.colcon_core.package_identification:_identify(log) ignored
[2.117s] Level 1:colcon.colcon_core.package_identification:_identify(scripts) by extensions ['ignore', 'ignore_ament_install']
[2.117s] Level 1:colcon.colcon_core.package_identification:_identify(scripts) by extension 'ignore'
[2.196s] Level 1:colcon.colcon_core.package_identification:_identify(scripts) by extension 'ignore_ament_install'
[2.196s] Level 1:colcon.colcon_core.package_identification:_identify(scripts) by extensions ['colcon_pkg']
[2.196s] Level 1:colcon.colcon_core.package_identification:_identify(scripts) by extension 'colcon_pkg'
[2.196s] Level 1:colcon.colcon_core.package_identification:_identify(scripts) by extensions ['colcon_meta']
[2.197s] Level 1:colcon.colcon_core.package_identification:_identify(scripts) by extension 'colcon_meta'
[2.197s] Level 1:colcon.colcon_core.package_identification:_identify(scripts) by extensions ['ament_cargo']
[2.197s] Level 1:colcon.colcon_core.package_identification:_identify(scripts) by extension 'ament_cargo'
[2.197s] Level 1:colcon.colcon_core.package_identification:_identify(scripts) by extensions ['ros']
[2.197s] Level 1:colcon.colcon_core.package_identification:_identify(scripts) by extension 'ros'
[2.197s] Level 1:colcon.colcon_core.package_identification:_identify(scripts) by extensions ['cargo', 'cmake', 'python']
[2.197s] Level 1:colcon.colcon_core.package_identification:_identify(scripts) by extension 'cargo'
[2.197s] Level 1:colcon.colcon_core.package_identification:_identify(scripts) by extension 'cmake'
[2.197s] Level 1:colcon.colcon_core.package_identification:_identify(scripts) by extension 'python'
[2.198s] Level 1:colcon.colcon_core.package_identification:_identify(scripts) by extensions ['python_setup_py']
[2.198s] Level 1:colcon.colcon_core.package_identification:_identify(scripts) by extension 'python_setup_py'
[2.198s] Level 1:colcon.colcon_core.package_identification:_identify(sim) by extensions ['ignore', 'ignore_ament_install']
[2.211s] Level 1:colcon.colcon_core.package_identification:_identify(sim) by extension 'ignore'
[2.212s] Level 1:colcon.colcon_core.package_identification:_identify(sim) by extension 'ignore_ament_install'
[2.212s] Level 1:colcon.colcon_core.package_identification:_identify(sim) by extensions ['colcon_pkg']
[2.212s] Level 1:colcon.colcon_core.package_identification:_identify(sim) by extension 'colcon_pkg'
[2.212s] Level 1:colcon.colcon_core.package_identification:_identify(sim) by extensions ['colcon_meta']
[2.212s] Level 1:colcon.colcon_core.package_identification:_identify(sim) by extension 'colcon_meta'
[2.212s] Level 1:colcon.colcon_core.package_identification:_identify(sim) by extensions ['ament_cargo']
[2.212s] Level 1:colcon.colcon_core.package_identification:_identify(sim) by extension 'ament_cargo'
[2.212s] Level 1:colcon.colcon_core.package_identification:_identify(sim) by extensions ['ros']
[2.212s] Level 1:colcon.colcon_core.package_identification:_identify(sim) by extension 'ros'
[2.213s] Level 1:colcon.colcon_core.package_identification:_identify(sim) by extensions ['cargo', 'cmake', 'python']
[2.213s] Level 1:colcon.colcon_core.package_identification:_identify(sim) by extension 'cargo'
[2.213s] Level 1:colcon.colcon_core.package_identification:_identify(sim) by extension 'cmake'
[2.213s] Level 1:colcon.colcon_core.package_identification:_identify(sim) by extension 'python'
[2.213s] Level 1:colcon.colcon_core.package_identification:_identify(sim) by extensions ['python_setup_py']
[2.213s] Level 1:colcon.colcon_core.package_identification:_identify(sim) by extension 'python_setup_py'
[2.214s] Level 1:colcon.colcon_core.package_identification:_identify(sim/models) by extensions ['ignore', 'ignore_ament_install']
[2.214s] Level 1:colcon.colcon_core.package_identification:_identify(sim/models) by extension 'ignore'
[2.214s] Level 1:colcon.colcon_core.package_identification:_identify(sim/models) by extension 'ignore_ament_install'
[2.214s] Level 1:colcon.colcon_core.package_identification:_identify(sim/models) by extensions ['colcon_pkg']
[2.214s] Level 1:colcon.colcon_core.package_identification:_identify(sim/models) by extension 'colcon_pkg'
[2.214s] Level 1:colcon.colcon_core.package_identification:_identify(sim/models) by extensions ['colcon_meta']
[2.214s] Level 1:colcon.colcon_core.package_identification:_identify(sim/models) by extension 'colcon_meta'
[2.214s] Level 1:colcon.colcon_core.package_identification:_identify(sim/models) by extensions ['ament_cargo']
[2.214s] Level 1:colcon.colcon_core.package_identification:_identify(sim/models) by extension 'ament_cargo'
[2.214s] Level 1:colcon.colcon_core.package_identification:_identify(sim/models) by extensions ['ros']
[2.215s] Level 1:colcon.colcon_core.package_identification:_identify(sim/models) by extension 'ros'
[2.215s] Level 1:colcon.colcon_core.package_identification:_identify(sim/models) by extensions ['cargo', 'cmake', 'python']
[2.215s] Level 1:colcon.colcon_core.package_identification:_identify(sim/models) by extension 'cargo'
[2.215s] Level 1:colcon.colcon_core.package_identification:_identify(sim/models) by extension 'cmake'
[2.215s] Level 1:colcon.colcon_core.package_identification:_identify(sim/models) by extension 'python'
[2.215s] Level 1:colcon.colcon_core.package_identification:_identify(sim/models) by extensions ['python_setup_py']
[2.215s] Level 1:colcon.colcon_core.package_identification:_identify(sim/models) by extension 'python_setup_py'
[2.215s] Level 1:colcon.colcon_core.package_identification:_identify(sim/worlds) by extensions ['ignore', 'ignore_ament_install']
[2.215s] Level 1:colcon.colcon_core.package_identification:_identify(sim/worlds) by extension 'ignore'
[2.215s] Level 1:colcon.colcon_core.package_identification:_identify(sim/worlds) by extension 'ignore_ament_install'
[2.216s] Level 1:colcon.colcon_core.package_identification:_identify(sim/worlds) by extensions ['colcon_pkg']
[2.216s] Level 1:colcon.colcon_core.package_identification:_identify(sim/worlds) by extension 'colcon_pkg'
[2.216s] Level 1:colcon.colcon_core.package_identification:_identify(sim/worlds) by extensions ['colcon_meta']
[2.216s] Level 1:colcon.colcon_core.package_identification:_identify(sim/worlds) by extension 'colcon_meta'
[2.216s] Level 1:colcon.colcon_core.package_identification:_identify(sim/worlds) by extensions ['ament_cargo']
[2.216s] Level 1:colcon.colcon_core.package_identification:_identify(sim/worlds) by extension 'ament_cargo'
[2.216s] Level 1:colcon.colcon_core.package_identification:_identify(sim/worlds) by extensions ['ros']
[2.216s] Level 1:colcon.colcon_core.package_identification:_identify(sim/worlds) by extension 'ros'
[2.216s] Level 1:colcon.colcon_core.package_identification:_identify(sim/worlds) by extensions ['cargo', 'cmake', 'python']
[2.216s] Level 1:colcon.colcon_core.package_identification:_identify(sim/worlds) by extension 'cargo'
[2.217s] Level 1:colcon.colcon_core.package_identification:_identify(sim/worlds) by extension 'cmake'
[2.217s] Level 1:colcon.colcon_core.package_identification:_identify(sim/worlds) by extension 'python'
[2.217s] Level 1:colcon.colcon_core.package_identification:_identify(sim/worlds) by extensions ['python_setup_py']
[2.217s] Level 1:colcon.colcon_core.package_identification:_identify(sim/worlds) by extension 'python_setup_py'
[2.217s] Level 1:colcon.colcon_core.package_identification:_identify(src) by extensions ['ignore', 'ignore_ament_install']
[2.217s] Level 1:colcon.colcon_core.package_identification:_identify(src) by extension 'ignore'
[2.218s] Level 1:colcon.colcon_core.package_identification:_identify(src) by extension 'ignore_ament_install'
[2.218s] Level 1:colcon.colcon_core.package_identification:_identify(src) by extensions ['colcon_pkg']
[2.218s] Level 1:colcon.colcon_core.package_identification:_identify(src) by extension 'colcon_pkg'
[2.218s] Level 1:colcon.colcon_core.package_identification:_identify(src) by extensions ['colcon_meta']
[2.218s] Level 1:colcon.colcon_core.package_identification:_identify(src) by extension 'colcon_meta'
[2.218s] Level 1:colcon.colcon_core.package_identification:_identify(src) by extensions ['ament_cargo']
[2.218s] Level 1:colcon.colcon_core.package_identification:_identify(src) by extension 'ament_cargo'
[2.218s] Level 1:colcon.colcon_core.package_identification:_identify(src) by extensions ['ros']
[2.218s] Level 1:colcon.colcon_core.package_identification:_identify(src) by extension 'ros'
[2.218s] Level 1:colcon.colcon_core.package_identification:_identify(src) by extensions ['cargo', 'cmake', 'python']
[2.218s] Level 1:colcon.colcon_core.package_identification:_identify(src) by extension 'cargo'
[2.218s] Level 1:colcon.colcon_core.package_identification:_identify(src) by extension 'cmake'
[2.218s] Level 1:colcon.colcon_core.package_identification:_identify(src) by extension 'python'
[2.218s] Level 1:colcon.colcon_core.package_identification:_identify(src) by extensions ['python_setup_py']
[2.219s] Level 1:colcon.colcon_core.package_identification:_identify(src) by extension 'python_setup_py'
[2.219s] Level 1:colcon.colcon_core.package_identification:_identify(src/pioneer_gazebo) by extensions ['ignore', 'ignore_ament_install']
[2.219s] Level 1:colcon.colcon_core.package_identification:_identify(src/pioneer_gazebo) by extension 'ignore'
[2.219s] Level 1:colcon.colcon_core.package_identification:_identify(src/pioneer_gazebo) by extension 'ignore_ament_install'
[2.219s] Level 1:colcon.colcon_core.package_identification:_identify(src/pioneer_gazebo) by extensions ['colcon_pkg']
[2.219s] Level 1:colcon.colcon_core.package_identification:_identify(src/pioneer_gazebo) by extension 'colcon_pkg'
[2.219s] Level 1:colcon.colcon_core.package_identification:_identify(src/pioneer_gazebo) by extensions ['colcon_meta']
[2.219s] Level 1:colcon.colcon_core.package_identification:_identify(src/pioneer_gazebo) by extension 'colcon_meta'
[2.219s] Level 1:colcon.colcon_core.package_identification:_identify(src/pioneer_gazebo) by extensions ['ament_cargo']
[2.219s] Level 1:colcon.colcon_core.package_identification:_identify(src/pioneer_gazebo) by extension 'ament_cargo'
[2.219s] Level 1:colcon.colcon_core.package_identification:_identify(src/pioneer_gazebo) by extensions ['ros']
[2.219s] Level 1:colcon.colcon_core.package_identification:_identify(src/pioneer_gazebo) by extension 'ros'
[2.223s] DEBUG:colcon.colcon_core.package_identification:Package 'src/pioneer_gazebo' with type 'ros.ament_python' and name 'pioneer_gazebo'
[2.224s] Level 1:colcon.colcon_core.package_identification:_identify(tests) by extensions ['ignore', 'ignore_ament_install']
[2.224s] Level 1:colcon.colcon_core.package_identification:_identify(tests) by extension 'ignore'
[2.224s] Level 1:colcon.colcon_core.package_identification:_identify(tests) by extension 'ignore_ament_install'
[2.224s] Level 1:colcon.colcon_core.package_identification:_identify(tests) by extensions ['colcon_pkg']
[2.224s] Level 1:colcon.colcon_core.package_identification:_identify(tests) by extension 'colcon_pkg'
[2.224s] Level 1:colcon.colcon_core.package_identification:_identify(tests) by extensions ['colcon_meta']
[2.224s] Level 1:colcon.colcon_core.package_identification:_identify(tests) by extension 'colcon_meta'
[2.224s] Level 1:colcon.colcon_core.package_identification:_identify(tests) by extensions ['ament_cargo']
[2.224s] Level 1:colcon.colcon_core.package_identification:_identify(tests) by extension 'ament_cargo'
[2.224s] Level 1:colcon.colcon_core.package_identification:_identify(tests) by extensions ['ros']
[2.224s] Level 1:colcon.colcon_core.package_identification:_identify(tests) by extension 'ros'
[2.224s] Level 1:colcon.colcon_core.package_identification:_identify(tests) by extensions ['cargo', 'cmake', 'python']
[2.224s] Level 1:colcon.colcon_core.package_identification:_identify(tests) by extension 'cargo'
[2.224s] Level 1:colcon.colcon_core.package_identification:_identify(tests) by extension 'cmake'
[2.224s] Level 1:colcon.colcon_core.package_identification:_identify(tests) by extension 'python'
[2.224s] Level 1:colcon.colcon_core.package_identification:_identify(tests) by extensions ['python_setup_py']
[2.224s] Level 1:colcon.colcon_core.package_identification:_identify(tests) by extension 'python_setup_py'
[2.225s] Level 1:colcon.colcon_core.package_identification:_identify(tools) by extensions ['ignore', 'ignore_ament_install']
[2.225s] Level 1:colcon.colcon_core.package_identification:_identify(tools) by extension 'ignore'
[2.225s] Level 1:colcon.colcon_core.package_identification:_identify(tools) by extension 'ignore_ament_install'
[2.225s] Level 1:colcon.colcon_core.package_identification:_identify(tools) by extensions ['colcon_pkg']
[2.225s] Level 1:colcon.colcon_core.package_identification:_identify(tools) by extension 'colcon_pkg'
[2.225s] Level 1:colcon.colcon_core.package_identification:_identify(tools) by extensions ['colcon_meta']
[2.225s] Level 1:colcon.colcon_core.package_identification:_identify(tools) by extension 'colcon_meta'
[2.225s] Level 1:colcon.colcon_core.package_identification:_identify(tools) by extensions ['ament_cargo']
[2.225s] Level 1:colcon.colcon_core.package_identification:_identify(tools) by extension 'ament_cargo'
[2.225s] Level 1:colcon.colcon_core.package_identification:_identify(tools) by extensions ['ros']
[2.225s] Level 1:colcon.colcon_core.package_identification:_identify(tools) by extension 'ros'
[2.225s] Level 1:colcon.colcon_core.package_identification:_identify(tools) by extensions ['cargo', 'cmake', 'python']
[2.225s] Level 1:colcon.colcon_core.package_identification:_identify(tools) by extension 'cargo'
[2.225s] Level 1:colcon.colcon_core.package_identification:_identify(tools) by extension 'cmake'
[2.225s] Level 1:colcon.colcon_core.package_identification:_identify(tools) by extension 'python'
[2.225s] Level 1:colcon.colcon_core.package_identification:_identify(tools) by extensions ['python_setup_py']
[2.225s] Level 1:colcon.colcon_core.package_identification:_identify(tools) by extension 'python_setup_py'
[2.225s] Level 1:colcon.colcon_core.package_discovery:discover_packages(recursive) using defaults
[2.226s] Level 1:colcon.colcon_core.package_discovery:discover_packages(ignore) discover
[2.226s] Level 1:colcon.colcon_core.package_discovery:discover_packages(ignore) using defaults
[2.226s] Level 1:colcon.colcon_core.package_discovery:discover_packages(path) discover
[2.226s] Level 1:colcon.colcon_core.package_discovery:discover_packages(path) using defaults
[2.405s] Level 5:colcon.colcon_core.verb:set package 'pioneer_gazebo' build argument 'lookup_in_workspace' from command line to 'False'
[2.406s] Level 5:colcon.colcon_core.verb:set package 'pioneer_gazebo' build argument 'cargo_args' from command line to 'None'
[2.406s] Level 5:colcon.colcon_core.verb:set package 'pioneer_gazebo' build argument 'clean_build' from command line to 'False'
[2.406s] Level 5:colcon.colcon_core.verb:set package 'pioneer_gazebo' build argument 'cmake_args' from command line to 'None'
[2.406s] Level 5:colcon.colcon_core.verb:set package 'pioneer_gazebo' build argument 'cmake_target' from command line to 'None'
[2.406s] Level 5:colcon.colcon_core.verb:set package 'pioneer_gazebo' build argument 'cmake_target_skip_unavailable' from command line to 'False'
[2.406s] Level 5:colcon.colcon_core.verb:set package 'pioneer_gazebo' build argument 'cmake_clean_cache' from command line to 'False'
[2.406s] Level 5:colcon.colcon_core.verb:set package 'pioneer_gazebo' build argument 'cmake_clean_first' from command line to 'False'
[2.406s] Level 5:colcon.colcon_core.verb:set package 'pioneer_gazebo' build argument 'cmake_force_configure' from command line to 'False'
[2.406s] Level 5:colcon.colcon_core.verb:set package 'pioneer_gazebo' build argument 'ament_cmake_args' from command line to 'None'
[2.406s] Level 5:colcon.colcon_core.verb:set package 'pioneer_gazebo' build argument 'catkin_cmake_args' from command line to 'None'
[2.406s] Level 5:colcon.colcon_core.verb:set package 'pioneer_gazebo' build argument 'catkin_skip_building_tests' from command line to 'False'
[2.406s] DEBUG:colcon.colcon_core.verb:Building package 'pioneer_gazebo' with the following arguments: {'ament_cmake_args': None, 'build_base': '/home/user/robot/build/pioneer_gazebo', 'cargo_args': None, 'catkin_cmake_args': None, 'catkin_skip_building_tests': False, 'clean_build': False, 'cmake_args': None, 'cmake_clean_cache': False, 'cmake_clean_first': False, 'cmake_force_configure': False, 'cmake_target': None, 'cmake_target_skip_unavailable': False, 'install_base': '/home/user/robot/install/pioneer_gazebo', 'lookup_in_workspace': False, 'merge_install': False, 'path': '/home/user/robot/src/pioneer_gazebo', 'symlink_install': True, 'test_result_base': None}
[2.407s] INFO:colcon.colcon_core.executor:Executing jobs using 'parallel' executor
[2.409s] DEBUG:colcon.colcon_parallel_executor.executor.parallel:run_until_complete
[2.409s] INFO:colcon.colcon_ros.task.ament_python.build:Building ROS package in '/home/user/robot/src/pioneer_gazebo' with build type 'ament_python'
[2.409s] Level 1:colcon.colcon_core.shell:create_environment_hook('pioneer_gazebo', 'ament_prefix_path')
[2.487s] INFO:colcon.colcon_core.plugin_system:Skipping extension 'colcon_core.shell.bat': Not used on non-Windows systems
[2.490s] INFO:colcon.colcon_core.shell:Creating environment hook '/home/user/robot/install/pioneer_gazebo/share/pioneer_gazebo/hook/ament_prefix_path.ps1'
[2.492s] INFO:colcon.colcon_core.shell:Creating environment descriptor '/home/user/robot/install/pioneer_gazebo/share/pioneer_gazebo/hook/ament_prefix_path.dsv'
[2.493s] INFO:colcon.colcon_core.shell:Creating environment hook '/home/user/robot/install/pioneer_gazebo/share/pioneer_gazebo/hook/ament_prefix_path.sh'
[2.495s] INFO:colcon.colcon_core.shell:Skip shell extension 'powershell' for command environment: Not usable outside of PowerShell
[2.495s] DEBUG:colcon.colcon_core.shell:Skip shell extension 'dsv' for command environment
[8.186s] INFO:colcon.colcon_core.task.python.build:Building Python package in '/home/user/robot/src/pioneer_gazebo'
[8.187s] INFO:colcon.colcon_core.shell:Skip shell extension 'powershell' for command environment: Not usable outside of PowerShell
[8.187s] DEBUG:colcon.colcon_core.shell:Skip shell extension 'dsv' for command environment
[14.689s] DEBUG:colcon.colcon_core.event_handler.log_command:Invoking command in '/home/user/robot/build/pioneer_gazebo': PYTHONPATH=/home/user/robot/build/pioneer_gazebo/prefix_override:/usr/lib/python3/dist-packages/colcon_core/task/python/colcon_distutils_commands:/home/user/robot/install/pioneer_gazebo/lib/python3.10/site-packages:${PYTHONPATH} _=/usr/bin/env /usr/bin/python3 -W ignore:setup.py install is deprecated -W ignore:easy_install command is deprecated setup.py develop --editable --build-directory /home/user/robot/build/pioneer_gazebo/build --no-deps symlink_data
[23.313s] Level 1:colcon.colcon_core.shell:create_environment_hook('pioneer_gazebo', 'pythonpath_develop')
[23.386s] DEBUG:colcon.colcon_core.event_handler.log_command:Invoked command in '/home/user/robot/build/pioneer_gazebo' returned '0': PYTHONPATH=/home/user/robot/build/pioneer_gazebo/prefix_override:/usr/lib/python3/dist-packages/colcon_core/task/python/colcon_distutils_commands:/home/user/robot/install/pioneer_gazebo/lib/python3.10/site-packages:${PYTHONPATH} _=/usr/bin/env /usr/bin/python3 -W ignore:setup.py install is deprecated -W ignore:easy_install command is deprecated setup.py develop --editable --build-directory /home/user/robot/build/pioneer_gazebo/build --no-deps symlink_data
[23.386s] INFO:colcon.colcon_core.shell:Creating environment hook '/home/user/robot/build/pioneer_gazebo/share/pioneer_gazebo/hook/pythonpath_develop.ps1'
[23.388s] INFO:colcon.colcon_core.shell:Creating environment descriptor '/home/user/robot/build/pioneer_gazebo/share/pioneer_gazebo/hook/pythonpath_develop.dsv'
[23.388s] INFO:colcon.colcon_core.shell:Creating environment hook '/home/user/robot/build/pioneer_gazebo/share/pioneer_gazebo/hook/pythonpath_develop.sh'
[23.396s] Level 1:colcon.colcon_core.environment:checking '/home/user/robot/install/pioneer_gazebo' for CMake module files
[23.397s] Level 1:colcon.colcon_core.environment:checking '/home/user/robot/install/pioneer_gazebo' for CMake config files
[23.398s] Level 1:colcon.colcon_core.environment:checking '/home/user/robot/install/pioneer_gazebo/lib'
[23.399s] Level 1:colcon.colcon_core.environment:checking '/home/user/robot/install/pioneer_gazebo/bin'
[23.399s] Level 1:colcon.colcon_core.environment:checking '/home/user/robot/install/pioneer_gazebo/lib/pkgconfig/pioneer_gazebo.pc'
[23.399s] Level 1:colcon.colcon_core.environment:checking '/home/user/robot/install/pioneer_gazebo/lib/python3.10/site-packages'
[23.400s] Level 1:colcon.colcon_core.shell:create_environment_hook('pioneer_gazebo', 'pythonpath')
[23.400s] INFO:colcon.colcon_core.shell:Creating environment hook '/home/user/robot/install/pioneer_gazebo/share/pioneer_gazebo/hook/pythonpath.ps1'
[23.401s] INFO:colcon.colcon_core.shell:Creating environment descriptor '/home/user/robot/install/pioneer_gazebo/share/pioneer_gazebo/hook/pythonpath.dsv'
[23.402s] INFO:colcon.colcon_core.shell:Creating environment hook '/home/user/robot/install/pioneer_gazebo/share/pioneer_gazebo/hook/pythonpath.sh'
[23.403s] Level 1:colcon.colcon_core.environment:checking '/home/user/robot/install/pioneer_gazebo/bin'
[23.403s] Level 1:colcon.colcon_core.environment:create_environment_scripts_only(pioneer_gazebo)
[23.404s] INFO:colcon.colcon_core.shell:Creating package script '/home/user/robot/install/pioneer_gazebo/share/pioneer_gazebo/package.ps1'
[23.405s] INFO:colcon.colcon_core.shell:Creating package descriptor '/home/user/robot/install/pioneer_gazebo/share/pioneer_gazebo/package.dsv'
[23.406s] INFO:colcon.colcon_core.shell:Creating package script '/home/user/robot/install/pioneer_gazebo/share/pioneer_gazebo/package.sh'
[23.408s] INFO:colcon.colcon_core.shell:Creating package script '/home/user/robot/install/pioneer_gazebo/share/pioneer_gazebo/package.bash'
[23.409s] INFO:colcon.colcon_core.shell:Creating package script '/home/user/robot/install/pioneer_gazebo/share/pioneer_gazebo/package.zsh'
[23.411s] Level 1:colcon.colcon_core.environment:create_file_with_runtime_dependencies(/home/user/robot/install/pioneer_gazebo/share/colcon-core/packages/pioneer_gazebo)
[23.412s] DEBUG:colcon.colcon_parallel_executor.executor.parallel:closing loop
[23.412s] DEBUG:colcon.colcon_parallel_executor.executor.parallel:loop closed
[23.412s] DEBUG:colcon.colcon_parallel_executor.executor.parallel:run_until_complete finished with '0'
[23.412s] DEBUG:colcon.colcon_core.event_reactor:joining thread
[23.492s] INFO:colcon.colcon_core.plugin_system:Skipping extension 'colcon_notification.desktop_notification.notify_send': Could not find 'notify-send'
[23.513s] INFO:colcon.colcon_core.plugin_system:Skipping extension 'colcon_notification.desktop_notification.terminal_notifier': Not used on non-Darwin systems
[23.514s] INFO:colcon.colcon_core.plugin_system:Skipping extension 'colcon_notification.desktop_notification.win32': Not used on non-Windows systems
[23.514s] INFO:colcon.colcon_notification.desktop_notification:Sending desktop notification using 'notify2'
[23.711s] DEBUG:colcon.colcon_notification.desktop_notification.notify2:Failed to initialize notify2: org.freedesktop.DBus.Error.Spawn.ExecFailed: /usr/bin/dbus-launch terminated abnormally without any error message
[23.712s] DEBUG:colcon.colcon_core.event_reactor:joined thread
[23.713s] INFO:colcon.colcon_core.shell:Creating prefix script '/home/user/robot/install/local_setup.ps1'
[23.715s] INFO:colcon.colcon_core.shell:Creating prefix util module '/home/user/robot/install/_local_setup_util_ps1.py'
[23.789s] INFO:colcon.colcon_core.shell:Creating prefix chain script '/home/user/robot/install/setup.ps1'
[23.792s] INFO:colcon.colcon_core.shell:Creating prefix script '/home/user/robot/install/local_setup.sh'
[23.796s] INFO:colcon.colcon_core.shell:Creating prefix util module '/home/user/robot/install/_local_setup_util_sh.py'
[23.807s] INFO:colcon.colcon_core.shell:Creating prefix chain script '/home/user/robot/install/setup.sh'
[23.917s] INFO:colcon.colcon_core.shell:Creating prefix script '/home/user/robot/install/local_setup.bash'
[23.918s] INFO:colcon.colcon_core.shell:Creating prefix chain script '/home/user/robot/install/setup.bash'
[23.921s] INFO:colcon.colcon_core.shell:Creating prefix script '/home/user/robot/install/local_setup.zsh'
[24.086s] INFO:colcon.colcon_core.shell:Creating prefix chain script '/home/user/robot/install/setup.zsh'
