running develop
running egg_info
creating pioneer_gazebo.egg-info
writing pioneer_gazebo.egg-info/PKG-INFO
writing dependency_links to pioneer_gazebo.egg-info/dependency_links.txt
writing entry points to pioneer_gazebo.egg-info/entry_points.txt
writing requirements to pioneer_gazebo.egg-info/requires.txt
writing top-level names to pioneer_gazebo.egg-info/top_level.txt
writing manifest file 'pioneer_gazebo.egg-info/SOURCES.txt'
reading manifest file 'pioneer_gazebo.egg-info/SOURCES.txt'
writing manifest file 'pioneer_gazebo.egg-info/SOURCES.txt'
running build_ext
Creating /home/user/robot/install/pioneer_gazebo/lib/python3.10/site-packages/pioneer-gazebo.egg-link (link to .)
Installing demo script to /home/user/robot/install/pioneer_gazebo/lib/pioneer_gazebo

Installed /home/user/robot/build/pioneer_gazebo
running symlink_data
creating /home/user/robot/install/pioneer_gazebo/share/ament_index/resource_index/packages
symbolically linking /home/user/robot/build/pioneer_gazebo/resource/pioneer_gazebo -> /home/user/robot/install/pioneer_gazebo/share/ament_index/resource_index/packages
symbolically linking /home/user/robot/build/pioneer_gazebo/package.xml -> /home/user/robot/install/pioneer_gazebo/share/pioneer_gazebo
creating /home/user/robot/install/pioneer_gazebo/share/pioneer_gazebo/launch
symbolically linking /home/user/robot/build/pioneer_gazebo/launch/pioneer_gazebo_launch.py -> /home/user/robot/install/pioneer_gazebo/share/pioneer_gazebo/launch
symbolically linking /home/user/robot/build/pioneer_gazebo/launch/default.launch.py -> /home/user/robot/install/pioneer_gazebo/share/pioneer_gazebo/launch
