[12.200s] Invoking command in '/home/user/robot/build/pioneer_gazebo': PYTHONPATH=/home/user/robot/build/pioneer_gazebo/prefix_override:/usr/lib/python3/dist-packages/colcon_core/task/python/colcon_distutils_commands:/home/user/robot/install/pioneer_gazebo/lib/python3.10/site-packages:${PYTHONPATH} _=/usr/bin/env /usr/bin/python3 -W ignore:setup.py install is deprecated -W ignore:easy_install command is deprecated setup.py develop --editable --build-directory /home/user/robot/build/pioneer_gazebo/build --no-deps symlink_data
[13.422s] /usr/local/lib/python3.10/dist-packages/setuptools/_distutils/dist.py:289: UserWarning: Unknown distribution option: 'tests_require'
[13.423s]   warnings.warn(msg)
[15.211s] running develop
[19.522s] running egg_info
[19.704s] creating pioneer_gazebo.egg-info
[19.704s] writing pioneer_gazebo.egg-info/PKG-INFO
[19.704s] writing dependency_links to pioneer_gazebo.egg-info/dependency_links.txt
[19.704s] writing entry points to pioneer_gazebo.egg-info/entry_points.txt
[19.704s] writing requirements to pioneer_gazebo.egg-info/requires.txt
[19.704s] writing top-level names to pioneer_gazebo.egg-info/top_level.txt
[19.704s] writing manifest file 'pioneer_gazebo.egg-info/SOURCES.txt'
[20.424s] reading manifest file 'pioneer_gazebo.egg-info/SOURCES.txt'
[20.427s] writing manifest file 'pioneer_gazebo.egg-info/SOURCES.txt'
[20.697s] running build_ext
[20.698s] Creating /home/user/robot/install/pioneer_gazebo/lib/python3.10/site-packages/pioneer-gazebo.egg-link (link to .)
[20.698s] Installing demo script to /home/user/robot/install/pioneer_gazebo/lib/pioneer_gazebo
[20.698s] 
[20.699s] Installed /home/user/robot/build/pioneer_gazebo
[20.699s] running symlink_data
[20.699s] creating /home/user/robot/install/pioneer_gazebo/share/ament_index/resource_index/packages
[20.699s] symbolically linking /home/user/robot/build/pioneer_gazebo/resource/pioneer_gazebo -> /home/user/robot/install/pioneer_gazebo/share/ament_index/resource_index/packages
[20.699s] symbolically linking /home/user/robot/build/pioneer_gazebo/package.xml -> /home/user/robot/install/pioneer_gazebo/share/pioneer_gazebo
[20.700s] creating /home/user/robot/install/pioneer_gazebo/share/pioneer_gazebo/launch
[20.700s] symbolically linking /home/user/robot/build/pioneer_gazebo/launch/pioneer_gazebo_launch.py -> /home/user/robot/install/pioneer_gazebo/share/pioneer_gazebo/launch
[20.700s] symbolically linking /home/user/robot/build/pioneer_gazebo/launch/default.launch.py -> /home/user/robot/install/pioneer_gazebo/share/pioneer_gazebo/launch
[20.897s] Invoked command in '/home/user/robot/build/pioneer_gazebo' returned '0': PYTHONPATH=/home/user/robot/build/pioneer_gazebo/prefix_override:/usr/lib/python3/dist-packages/colcon_core/task/python/colcon_distutils_commands:/home/user/robot/install/pioneer_gazebo/lib/python3.10/site-packages:${PYTHONPATH} _=/usr/bin/env /usr/bin/python3 -W ignore:setup.py install is deprecated -W ignore:easy_install command is deprecated setup.py develop --editable --build-directory /home/user/robot/build/pioneer_gazebo/build --no-deps symlink_data
