[0.596s] DEBUG:colcon:Command line arguments: ['/usr/bin/colcon', 'build', '--symlink-install']
[0.596s] DEBUG:colcon:Parsed command line arguments: Namespace(log_base=None, log_level=None, verb_name='build', build_base='build', install_base='install', merge_install=False, symlink_install=True, test_result_base=None, continue_on_error=False, executor='parallel', parallel_workers=8, event_handlers=None, ignore_user_meta=False, metas=['./colcon.meta'], base_paths=['.'], packages_ignore=None, packages_ignore_regex=None, paths=None, packages_up_to=None, packages_up_to_regex=None, packages_above=None, packages_above_and_dependencies=None, packages_above_depth=None, packages_select_by_dep=None, packages_skip_by_dep=None, packages_skip_up_to=None, packages_select_build_failed=False, packages_skip_build_finished=False, packages_select_test_failures=False, packages_skip_test_passed=False, packages_select=None, packages_skip=None, packages_select_regex=None, packages_skip_regex=None, packages_start=None, packages_end=None, lookup_in_workspace=False, cargo_args=None, clean_build=False, cmake_args=None, cmake_target=None, cmake_target_skip_unavailable=False, cmake_clean_cache=False, cmake_clean_first=False, cmake_force_configure=False, ament_cmake_args=None, catkin_cmake_args=None, catkin_skip_building_tests=False, mixin_files=None, mixin=None, verb_parser=<colcon_mixin.mixin.mixin_argument.MixinArgumentDecorator object at 0x7f8a9cd21090>, verb_extension=<colcon_core.verb.build.BuildVerb object at 0x7f8a9cd20b20>, main=<bound method BuildVerb.main of <colcon_core.verb.build.BuildVerb object at 0x7f8a9cd20b20>>, mixin_verb=('build',))
[0.804s] Level 1:colcon.colcon_core.package_discovery:discover_packages(colcon_meta) check parameters
[0.804s] Level 1:colcon.colcon_core.package_discovery:discover_packages(recursive) check parameters
[0.804s] Level 1:colcon.colcon_core.package_discovery:discover_packages(ignore) check parameters
[0.804s] Level 1:colcon.colcon_core.package_discovery:discover_packages(path) check parameters
[0.804s] Level 1:colcon.colcon_core.package_discovery:discover_packages(colcon_meta) discover
[0.804s] Level 1:colcon.colcon_core.package_discovery:discover_packages(recursive) discover
[0.804s] INFO:colcon.colcon_core.package_discovery:Crawling recursively for packages in '/home/user/robot'
[0.804s] Level 1:colcon.colcon_core.package_identification:_identify(.) by extensions ['ignore', 'ignore_ament_install']
[0.804s] Level 1:colcon.colcon_core.package_identification:_identify(.) by extension 'ignore'
[0.805s] Level 1:colcon.colcon_core.package_identification:_identify(.) by extension 'ignore_ament_install'
[0.805s] Level 1:colcon.colcon_core.package_identification:_identify(.) by extensions ['colcon_pkg']
[0.805s] Level 1:colcon.colcon_core.package_identification:_identify(.) by extension 'colcon_pkg'
[0.805s] Level 1:colcon.colcon_core.package_identification:_identify(.) by extensions ['colcon_meta']
[0.805s] Level 1:colcon.colcon_core.package_identification:_identify(.) by extension 'colcon_meta'
[0.805s] Level 1:colcon.colcon_core.package_identification:_identify(.) by extensions ['ament_cargo']
[0.805s] Level 1:colcon.colcon_core.package_identification:_identify(.) by extension 'ament_cargo'
[0.805s] Level 1:colcon.colcon_core.package_identification:_identify(.) by extensions ['ros']
[0.805s] Level 1:colcon.colcon_core.package_identification:_identify(.) by extension 'ros'
[0.897s] Level 1:colcon.colcon_core.package_identification:_identify(.) by extensions ['cargo', 'cmake', 'python']
[0.898s] Level 1:colcon.colcon_core.package_identification:_identify(.) by extension 'cargo'
[0.898s] Level 1:colcon.colcon_core.package_identification:_identify(.) by extension 'cmake'
[0.898s] Level 1:colcon.colcon_core.package_identification:_identify(.) by extension 'python'
[0.898s] Level 1:colcon.colcon_core.package_identification:_identify(.) by extensions ['python_setup_py']
[0.898s] Level 1:colcon.colcon_core.package_identification:_identify(.) by extension 'python_setup_py'
[0.899s] Level 1:colcon.colcon_core.package_identification:_identify(build) by extensions ['ignore', 'ignore_ament_install']
[0.899s] Level 1:colcon.colcon_core.package_identification:_identify(build) by extension 'ignore'
[0.899s] Level 1:colcon.colcon_core.package_identification:_identify(build) ignored
[0.899s] Level 1:colcon.colcon_core.package_identification:_identify(config) by extensions ['ignore', 'ignore_ament_install']
[0.899s] Level 1:colcon.colcon_core.package_identification:_identify(config) by extension 'ignore'
[0.899s] Level 1:colcon.colcon_core.package_identification:_identify(config) by extension 'ignore_ament_install'
[0.899s] Level 1:colcon.colcon_core.package_identification:_identify(config) by extensions ['colcon_pkg']
[0.899s] Level 1:colcon.colcon_core.package_identification:_identify(config) by extension 'colcon_pkg'
[0.900s] Level 1:colcon.colcon_core.package_identification:_identify(config) by extensions ['colcon_meta']
[0.900s] Level 1:colcon.colcon_core.package_identification:_identify(config) by extension 'colcon_meta'
[0.900s] Level 1:colcon.colcon_core.package_identification:_identify(config) by extensions ['ament_cargo']
[0.900s] Level 1:colcon.colcon_core.package_identification:_identify(config) by extension 'ament_cargo'
[0.900s] Level 1:colcon.colcon_core.package_identification:_identify(config) by extensions ['ros']
[0.900s] Level 1:colcon.colcon_core.package_identification:_identify(config) by extension 'ros'
[0.900s] Level 1:colcon.colcon_core.package_identification:_identify(config) by extensions ['cargo', 'cmake', 'python']
[0.900s] Level 1:colcon.colcon_core.package_identification:_identify(config) by extension 'cargo'
[0.900s] Level 1:colcon.colcon_core.package_identification:_identify(config) by extension 'cmake'
[0.900s] Level 1:colcon.colcon_core.package_identification:_identify(config) by extension 'python'
[0.900s] Level 1:colcon.colcon_core.package_identification:_identify(config) by extensions ['python_setup_py']
[0.900s] Level 1:colcon.colcon_core.package_identification:_identify(config) by extension 'python_setup_py'
[0.901s] Level 1:colcon.colcon_core.package_identification:_identify(install) by extensions ['ignore', 'ignore_ament_install']
[0.901s] Level 1:colcon.colcon_core.package_identification:_identify(install) by extension 'ignore'
[0.901s] Level 1:colcon.colcon_core.package_identification:_identify(install) ignored
[0.901s] Level 1:colcon.colcon_core.package_identification:_identify(launch) by extensions ['ignore', 'ignore_ament_install']
[0.901s] Level 1:colcon.colcon_core.package_identification:_identify(launch) by extension 'ignore'
[0.901s] Level 1:colcon.colcon_core.package_identification:_identify(launch) by extension 'ignore_ament_install'
[0.901s] Level 1:colcon.colcon_core.package_identification:_identify(launch) by extensions ['colcon_pkg']
[0.901s] Level 1:colcon.colcon_core.package_identification:_identify(launch) by extension 'colcon_pkg'
[0.901s] Level 1:colcon.colcon_core.package_identification:_identify(launch) by extensions ['colcon_meta']
[0.901s] Level 1:colcon.colcon_core.package_identification:_identify(launch) by extension 'colcon_meta'
[0.901s] Level 1:colcon.colcon_core.package_identification:_identify(launch) by extensions ['ament_cargo']
[0.901s] Level 1:colcon.colcon_core.package_identification:_identify(launch) by extension 'ament_cargo'
[0.901s] Level 1:colcon.colcon_core.package_identification:_identify(launch) by extensions ['ros']
[0.901s] Level 1:colcon.colcon_core.package_identification:_identify(launch) by extension 'ros'
[0.902s] Level 1:colcon.colcon_core.package_identification:_identify(launch) by extensions ['cargo', 'cmake', 'python']
[0.902s] Level 1:colcon.colcon_core.package_identification:_identify(launch) by extension 'cargo'
[0.902s] Level 1:colcon.colcon_core.package_identification:_identify(launch) by extension 'cmake'
[0.902s] Level 1:colcon.colcon_core.package_identification:_identify(launch) by extension 'python'
[0.902s] Level 1:colcon.colcon_core.package_identification:_identify(launch) by extensions ['python_setup_py']
[0.902s] Level 1:colcon.colcon_core.package_identification:_identify(launch) by extension 'python_setup_py'
[0.902s] Level 1:colcon.colcon_core.package_identification:_identify(log) by extensions ['ignore', 'ignore_ament_install']
[0.902s] Level 1:colcon.colcon_core.package_identification:_identify(log) by extension 'ignore'
[0.902s] Level 1:colcon.colcon_core.package_identification:_identify(log) ignored
[0.902s] Level 1:colcon.colcon_core.package_identification:_identify(scripts) by extensions ['ignore', 'ignore_ament_install']
[0.902s] Level 1:colcon.colcon_core.package_identification:_identify(scripts) by extension 'ignore'
[0.902s] Level 1:colcon.colcon_core.package_identification:_identify(scripts) by extension 'ignore_ament_install'
[0.902s] Level 1:colcon.colcon_core.package_identification:_identify(scripts) by extensions ['colcon_pkg']
[0.902s] Level 1:colcon.colcon_core.package_identification:_identify(scripts) by extension 'colcon_pkg'
[0.902s] Level 1:colcon.colcon_core.package_identification:_identify(scripts) by extensions ['colcon_meta']
[0.902s] Level 1:colcon.colcon_core.package_identification:_identify(scripts) by extension 'colcon_meta'
[0.903s] Level 1:colcon.colcon_core.package_identification:_identify(scripts) by extensions ['ament_cargo']
[0.903s] Level 1:colcon.colcon_core.package_identification:_identify(scripts) by extension 'ament_cargo'
[0.903s] Level 1:colcon.colcon_core.package_identification:_identify(scripts) by extensions ['ros']
[0.903s] Level 1:colcon.colcon_core.package_identification:_identify(scripts) by extension 'ros'
[0.903s] Level 1:colcon.colcon_core.package_identification:_identify(scripts) by extensions ['cargo', 'cmake', 'python']
[0.903s] Level 1:colcon.colcon_core.package_identification:_identify(scripts) by extension 'cargo'
[0.903s] Level 1:colcon.colcon_core.package_identification:_identify(scripts) by extension 'cmake'
[0.903s] Level 1:colcon.colcon_core.package_identification:_identify(scripts) by extension 'python'
[0.903s] Level 1:colcon.colcon_core.package_identification:_identify(scripts) by extensions ['python_setup_py']
[0.903s] Level 1:colcon.colcon_core.package_identification:_identify(scripts) by extension 'python_setup_py'
[0.903s] Level 1:colcon.colcon_core.package_identification:_identify(sim) by extensions ['ignore', 'ignore_ament_install']
[0.903s] Level 1:colcon.colcon_core.package_identification:_identify(sim) by extension 'ignore'
[0.903s] Level 1:colcon.colcon_core.package_identification:_identify(sim) by extension 'ignore_ament_install'
[0.903s] Level 1:colcon.colcon_core.package_identification:_identify(sim) by extensions ['colcon_pkg']
[0.903s] Level 1:colcon.colcon_core.package_identification:_identify(sim) by extension 'colcon_pkg'
[0.903s] Level 1:colcon.colcon_core.package_identification:_identify(sim) by extensions ['colcon_meta']
[0.903s] Level 1:colcon.colcon_core.package_identification:_identify(sim) by extension 'colcon_meta'
[0.903s] Level 1:colcon.colcon_core.package_identification:_identify(sim) by extensions ['ament_cargo']
[0.903s] Level 1:colcon.colcon_core.package_identification:_identify(sim) by extension 'ament_cargo'
[0.903s] Level 1:colcon.colcon_core.package_identification:_identify(sim) by extensions ['ros']
[0.903s] Level 1:colcon.colcon_core.package_identification:_identify(sim) by extension 'ros'
[0.903s] Level 1:colcon.colcon_core.package_identification:_identify(sim) by extensions ['cargo', 'cmake', 'python']
[0.904s] Level 1:colcon.colcon_core.package_identification:_identify(sim) by extension 'cargo'
[0.904s] Level 1:colcon.colcon_core.package_identification:_identify(sim) by extension 'cmake'
[0.904s] Level 1:colcon.colcon_core.package_identification:_identify(sim) by extension 'python'
[0.904s] Level 1:colcon.colcon_core.package_identification:_identify(sim) by extensions ['python_setup_py']
[0.904s] Level 1:colcon.colcon_core.package_identification:_identify(sim) by extension 'python_setup_py'
[0.904s] Level 1:colcon.colcon_core.package_identification:_identify(sim/models) by extensions ['ignore', 'ignore_ament_install']
[0.904s] Level 1:colcon.colcon_core.package_identification:_identify(sim/models) by extension 'ignore'
[0.904s] Level 1:colcon.colcon_core.package_identification:_identify(sim/models) by extension 'ignore_ament_install'
[0.904s] Level 1:colcon.colcon_core.package_identification:_identify(sim/models) by extensions ['colcon_pkg']
[0.904s] Level 1:colcon.colcon_core.package_identification:_identify(sim/models) by extension 'colcon_pkg'
[0.904s] Level 1:colcon.colcon_core.package_identification:_identify(sim/models) by extensions ['colcon_meta']
[0.904s] Level 1:colcon.colcon_core.package_identification:_identify(sim/models) by extension 'colcon_meta'
[0.904s] Level 1:colcon.colcon_core.package_identification:_identify(sim/models) by extensions ['ament_cargo']
[0.904s] Level 1:colcon.colcon_core.package_identification:_identify(sim/models) by extension 'ament_cargo'
[0.904s] Level 1:colcon.colcon_core.package_identification:_identify(sim/models) by extensions ['ros']
[0.904s] Level 1:colcon.colcon_core.package_identification:_identify(sim/models) by extension 'ros'
[0.904s] Level 1:colcon.colcon_core.package_identification:_identify(sim/models) by extensions ['cargo', 'cmake', 'python']
[0.904s] Level 1:colcon.colcon_core.package_identification:_identify(sim/models) by extension 'cargo'
[0.904s] Level 1:colcon.colcon_core.package_identification:_identify(sim/models) by extension 'cmake'
[0.904s] Level 1:colcon.colcon_core.package_identification:_identify(sim/models) by extension 'python'
[0.904s] Level 1:colcon.colcon_core.package_identification:_identify(sim/models) by extensions ['python_setup_py']
[0.905s] Level 1:colcon.colcon_core.package_identification:_identify(sim/models) by extension 'python_setup_py'
[0.905s] Level 1:colcon.colcon_core.package_identification:_identify(sim/models/Pioneer2DX) by extensions ['ignore', 'ignore_ament_install']
[0.905s] Level 1:colcon.colcon_core.package_identification:_identify(sim/models/Pioneer2DX) by extension 'ignore'
[0.905s] Level 1:colcon.colcon_core.package_identification:_identify(sim/models/Pioneer2DX) by extension 'ignore_ament_install'
[0.905s] Level 1:colcon.colcon_core.package_identification:_identify(sim/models/Pioneer2DX) by extensions ['colcon_pkg']
[0.905s] Level 1:colcon.colcon_core.package_identification:_identify(sim/models/Pioneer2DX) by extension 'colcon_pkg'
[0.905s] Level 1:colcon.colcon_core.package_identification:_identify(sim/models/Pioneer2DX) by extensions ['colcon_meta']
[0.905s] Level 1:colcon.colcon_core.package_identification:_identify(sim/models/Pioneer2DX) by extension 'colcon_meta'
[0.905s] Level 1:colcon.colcon_core.package_identification:_identify(sim/models/Pioneer2DX) by extensions ['ament_cargo']
[0.905s] Level 1:colcon.colcon_core.package_identification:_identify(sim/models/Pioneer2DX) by extension 'ament_cargo'
[0.905s] Level 1:colcon.colcon_core.package_identification:_identify(sim/models/Pioneer2DX) by extensions ['ros']
[0.905s] Level 1:colcon.colcon_core.package_identification:_identify(sim/models/Pioneer2DX) by extension 'ros'
[0.905s] Level 1:colcon.colcon_core.package_identification:_identify(sim/models/Pioneer2DX) by extensions ['cargo', 'cmake', 'python']
[0.905s] Level 1:colcon.colcon_core.package_identification:_identify(sim/models/Pioneer2DX) by extension 'cargo'
[0.905s] Level 1:colcon.colcon_core.package_identification:_identify(sim/models/Pioneer2DX) by extension 'cmake'
[0.905s] Level 1:colcon.colcon_core.package_identification:_identify(sim/models/Pioneer2DX) by extension 'python'
[0.905s] Level 1:colcon.colcon_core.package_identification:_identify(sim/models/Pioneer2DX) by extensions ['python_setup_py']
[0.905s] Level 1:colcon.colcon_core.package_identification:_identify(sim/models/Pioneer2DX) by extension 'python_setup_py'
[0.905s] Level 1:colcon.colcon_core.package_identification:_identify(sim/models/Pioneer2DX/materials) by extensions ['ignore', 'ignore_ament_install']
[0.906s] Level 1:colcon.colcon_core.package_identification:_identify(sim/models/Pioneer2DX/materials) by extension 'ignore'
[0.906s] Level 1:colcon.colcon_core.package_identification:_identify(sim/models/Pioneer2DX/materials) by extension 'ignore_ament_install'
[0.906s] Level 1:colcon.colcon_core.package_identification:_identify(sim/models/Pioneer2DX/materials) by extensions ['colcon_pkg']
[0.906s] Level 1:colcon.colcon_core.package_identification:_identify(sim/models/Pioneer2DX/materials) by extension 'colcon_pkg'
[0.906s] Level 1:colcon.colcon_core.package_identification:_identify(sim/models/Pioneer2DX/materials) by extensions ['colcon_meta']
[0.906s] Level 1:colcon.colcon_core.package_identification:_identify(sim/models/Pioneer2DX/materials) by extension 'colcon_meta'
[0.906s] Level 1:colcon.colcon_core.package_identification:_identify(sim/models/Pioneer2DX/materials) by extensions ['ament_cargo']
[0.906s] Level 1:colcon.colcon_core.package_identification:_identify(sim/models/Pioneer2DX/materials) by extension 'ament_cargo'
[0.906s] Level 1:colcon.colcon_core.package_identification:_identify(sim/models/Pioneer2DX/materials) by extensions ['ros']
[0.906s] Level 1:colcon.colcon_core.package_identification:_identify(sim/models/Pioneer2DX/materials) by extension 'ros'
[0.906s] Level 1:colcon.colcon_core.package_identification:_identify(sim/models/Pioneer2DX/materials) by extensions ['cargo', 'cmake', 'python']
[0.906s] Level 1:colcon.colcon_core.package_identification:_identify(sim/models/Pioneer2DX/materials) by extension 'cargo'
[0.906s] Level 1:colcon.colcon_core.package_identification:_identify(sim/models/Pioneer2DX/materials) by extension 'cmake'
[0.907s] Level 1:colcon.colcon_core.package_identification:_identify(sim/models/Pioneer2DX/materials) by extension 'python'
[0.907s] Level 1:colcon.colcon_core.package_identification:_identify(sim/models/Pioneer2DX/materials) by extensions ['python_setup_py']
[0.907s] Level 1:colcon.colcon_core.package_identification:_identify(sim/models/Pioneer2DX/materials) by extension 'python_setup_py'
[0.907s] Level 1:colcon.colcon_core.package_identification:_identify(sim/models/Pioneer2DX/materials/textures) by extensions ['ignore', 'ignore_ament_install']
[0.907s] Level 1:colcon.colcon_core.package_identification:_identify(sim/models/Pioneer2DX/materials/textures) by extension 'ignore'
[0.907s] Level 1:colcon.colcon_core.package_identification:_identify(sim/models/Pioneer2DX/materials/textures) by extension 'ignore_ament_install'
[0.907s] Level 1:colcon.colcon_core.package_identification:_identify(sim/models/Pioneer2DX/materials/textures) by extensions ['colcon_pkg']
[0.907s] Level 1:colcon.colcon_core.package_identification:_identify(sim/models/Pioneer2DX/materials/textures) by extension 'colcon_pkg'
[0.907s] Level 1:colcon.colcon_core.package_identification:_identify(sim/models/Pioneer2DX/materials/textures) by extensions ['colcon_meta']
[0.907s] Level 1:colcon.colcon_core.package_identification:_identify(sim/models/Pioneer2DX/materials/textures) by extension 'colcon_meta'
[0.907s] Level 1:colcon.colcon_core.package_identification:_identify(sim/models/Pioneer2DX/materials/textures) by extensions ['ament_cargo']
[0.907s] Level 1:colcon.colcon_core.package_identification:_identify(sim/models/Pioneer2DX/materials/textures) by extension 'ament_cargo'
[0.907s] Level 1:colcon.colcon_core.package_identification:_identify(sim/models/Pioneer2DX/materials/textures) by extensions ['ros']
[0.907s] Level 1:colcon.colcon_core.package_identification:_identify(sim/models/Pioneer2DX/materials/textures) by extension 'ros'
[0.907s] Level 1:colcon.colcon_core.package_identification:_identify(sim/models/Pioneer2DX/materials/textures) by extensions ['cargo', 'cmake', 'python']
[0.907s] Level 1:colcon.colcon_core.package_identification:_identify(sim/models/Pioneer2DX/materials/textures) by extension 'cargo'
[0.907s] Level 1:colcon.colcon_core.package_identification:_identify(sim/models/Pioneer2DX/materials/textures) by extension 'cmake'
[0.907s] Level 1:colcon.colcon_core.package_identification:_identify(sim/models/Pioneer2DX/materials/textures) by extension 'python'
[0.907s] Level 1:colcon.colcon_core.package_identification:_identify(sim/models/Pioneer2DX/materials/textures) by extensions ['python_setup_py']
[0.908s] Level 1:colcon.colcon_core.package_identification:_identify(sim/models/Pioneer2DX/materials/textures) by extension 'python_setup_py'
[0.908s] Level 1:colcon.colcon_core.package_identification:_identify(sim/models/Pioneer2DX/meshes) by extensions ['ignore', 'ignore_ament_install']
[0.908s] Level 1:colcon.colcon_core.package_identification:_identify(sim/models/Pioneer2DX/meshes) by extension 'ignore'
[0.908s] Level 1:colcon.colcon_core.package_identification:_identify(sim/models/Pioneer2DX/meshes) by extension 'ignore_ament_install'
[0.908s] Level 1:colcon.colcon_core.package_identification:_identify(sim/models/Pioneer2DX/meshes) by extensions ['colcon_pkg']
[0.908s] Level 1:colcon.colcon_core.package_identification:_identify(sim/models/Pioneer2DX/meshes) by extension 'colcon_pkg'
[0.908s] Level 1:colcon.colcon_core.package_identification:_identify(sim/models/Pioneer2DX/meshes) by extensions ['colcon_meta']
[0.908s] Level 1:colcon.colcon_core.package_identification:_identify(sim/models/Pioneer2DX/meshes) by extension 'colcon_meta'
[0.908s] Level 1:colcon.colcon_core.package_identification:_identify(sim/models/Pioneer2DX/meshes) by extensions ['ament_cargo']
[0.908s] Level 1:colcon.colcon_core.package_identification:_identify(sim/models/Pioneer2DX/meshes) by extension 'ament_cargo'
[0.908s] Level 1:colcon.colcon_core.package_identification:_identify(sim/models/Pioneer2DX/meshes) by extensions ['ros']
[0.908s] Level 1:colcon.colcon_core.package_identification:_identify(sim/models/Pioneer2DX/meshes) by extension 'ros'
[0.908s] Level 1:colcon.colcon_core.package_identification:_identify(sim/models/Pioneer2DX/meshes) by extensions ['cargo', 'cmake', 'python']
[0.908s] Level 1:colcon.colcon_core.package_identification:_identify(sim/models/Pioneer2DX/meshes) by extension 'cargo'
[0.908s] Level 1:colcon.colcon_core.package_identification:_identify(sim/models/Pioneer2DX/meshes) by extension 'cmake'
[0.908s] Level 1:colcon.colcon_core.package_identification:_identify(sim/models/Pioneer2DX/meshes) by extension 'python'
[0.908s] Level 1:colcon.colcon_core.package_identification:_identify(sim/models/Pioneer2DX/meshes) by extensions ['python_setup_py']
[0.908s] Level 1:colcon.colcon_core.package_identification:_identify(sim/models/Pioneer2DX/meshes) by extension 'python_setup_py'
[0.909s] Level 1:colcon.colcon_core.package_identification:_identify(sim/models/Pioneer2DX/thumbnails) by extensions ['ignore', 'ignore_ament_install']
[0.909s] Level 1:colcon.colcon_core.package_identification:_identify(sim/models/Pioneer2DX/thumbnails) by extension 'ignore'
[0.909s] Level 1:colcon.colcon_core.package_identification:_identify(sim/models/Pioneer2DX/thumbnails) by extension 'ignore_ament_install'
[0.909s] Level 1:colcon.colcon_core.package_identification:_identify(sim/models/Pioneer2DX/thumbnails) by extensions ['colcon_pkg']
[0.909s] Level 1:colcon.colcon_core.package_identification:_identify(sim/models/Pioneer2DX/thumbnails) by extension 'colcon_pkg'
[0.909s] Level 1:colcon.colcon_core.package_identification:_identify(sim/models/Pioneer2DX/thumbnails) by extensions ['colcon_meta']
[0.909s] Level 1:colcon.colcon_core.package_identification:_identify(sim/models/Pioneer2DX/thumbnails) by extension 'colcon_meta'
[0.909s] Level 1:colcon.colcon_core.package_identification:_identify(sim/models/Pioneer2DX/thumbnails) by extensions ['ament_cargo']
[0.909s] Level 1:colcon.colcon_core.package_identification:_identify(sim/models/Pioneer2DX/thumbnails) by extension 'ament_cargo'
[0.909s] Level 1:colcon.colcon_core.package_identification:_identify(sim/models/Pioneer2DX/thumbnails) by extensions ['ros']
[0.909s] Level 1:colcon.colcon_core.package_identification:_identify(sim/models/Pioneer2DX/thumbnails) by extension 'ros'
[0.909s] Level 1:colcon.colcon_core.package_identification:_identify(sim/models/Pioneer2DX/thumbnails) by extensions ['cargo', 'cmake', 'python']
[0.909s] Level 1:colcon.colcon_core.package_identification:_identify(sim/models/Pioneer2DX/thumbnails) by extension 'cargo'
[0.909s] Level 1:colcon.colcon_core.package_identification:_identify(sim/models/Pioneer2DX/thumbnails) by extension 'cmake'
[0.909s] Level 1:colcon.colcon_core.package_identification:_identify(sim/models/Pioneer2DX/thumbnails) by extension 'python'
[0.909s] Level 1:colcon.colcon_core.package_identification:_identify(sim/models/Pioneer2DX/thumbnails) by extensions ['python_setup_py']
[0.909s] Level 1:colcon.colcon_core.package_identification:_identify(sim/models/Pioneer2DX/thumbnails) by extension 'python_setup_py'
[0.909s] Level 1:colcon.colcon_core.package_identification:_identify(sim/models/materials) by extensions ['ignore', 'ignore_ament_install']
[0.909s] Level 1:colcon.colcon_core.package_identification:_identify(sim/models/materials) by extension 'ignore'
[0.910s] Level 1:colcon.colcon_core.package_identification:_identify(sim/models/materials) by extension 'ignore_ament_install'
[0.910s] Level 1:colcon.colcon_core.package_identification:_identify(sim/models/materials) by extensions ['colcon_pkg']
[0.910s] Level 1:colcon.colcon_core.package_identification:_identify(sim/models/materials) by extension 'colcon_pkg'
[0.910s] Level 1:colcon.colcon_core.package_identification:_identify(sim/models/materials) by extensions ['colcon_meta']
[0.910s] Level 1:colcon.colcon_core.package_identification:_identify(sim/models/materials) by extension 'colcon_meta'
[0.910s] Level 1:colcon.colcon_core.package_identification:_identify(sim/models/materials) by extensions ['ament_cargo']
[0.910s] Level 1:colcon.colcon_core.package_identification:_identify(sim/models/materials) by extension 'ament_cargo'
[0.910s] Level 1:colcon.colcon_core.package_identification:_identify(sim/models/materials) by extensions ['ros']
[0.910s] Level 1:colcon.colcon_core.package_identification:_identify(sim/models/materials) by extension 'ros'
[0.910s] Level 1:colcon.colcon_core.package_identification:_identify(sim/models/materials) by extensions ['cargo', 'cmake', 'python']
[0.910s] Level 1:colcon.colcon_core.package_identification:_identify(sim/models/materials) by extension 'cargo'
[0.910s] Level 1:colcon.colcon_core.package_identification:_identify(sim/models/materials) by extension 'cmake'
[0.910s] Level 1:colcon.colcon_core.package_identification:_identify(sim/models/materials) by extension 'python'
[0.910s] Level 1:colcon.colcon_core.package_identification:_identify(sim/models/materials) by extensions ['python_setup_py']
[0.910s] Level 1:colcon.colcon_core.package_identification:_identify(sim/models/materials) by extension 'python_setup_py'
[0.910s] Level 1:colcon.colcon_core.package_identification:_identify(sim/models/materials/textures) by extensions ['ignore', 'ignore_ament_install']
[0.911s] Level 1:colcon.colcon_core.package_identification:_identify(sim/models/materials/textures) by extension 'ignore'
[0.911s] Level 1:colcon.colcon_core.package_identification:_identify(sim/models/materials/textures) by extension 'ignore_ament_install'
[0.911s] Level 1:colcon.colcon_core.package_identification:_identify(sim/models/materials/textures) by extensions ['colcon_pkg']
[0.911s] Level 1:colcon.colcon_core.package_identification:_identify(sim/models/materials/textures) by extension 'colcon_pkg'
[0.911s] Level 1:colcon.colcon_core.package_identification:_identify(sim/models/materials/textures) by extensions ['colcon_meta']
[0.911s] Level 1:colcon.colcon_core.package_identification:_identify(sim/models/materials/textures) by extension 'colcon_meta'
[0.911s] Level 1:colcon.colcon_core.package_identification:_identify(sim/models/materials/textures) by extensions ['ament_cargo']
[0.911s] Level 1:colcon.colcon_core.package_identification:_identify(sim/models/materials/textures) by extension 'ament_cargo'
[0.911s] Level 1:colcon.colcon_core.package_identification:_identify(sim/models/materials/textures) by extensions ['ros']
[0.911s] Level 1:colcon.colcon_core.package_identification:_identify(sim/models/materials/textures) by extension 'ros'
[0.911s] Level 1:colcon.colcon_core.package_identification:_identify(sim/models/materials/textures) by extensions ['cargo', 'cmake', 'python']
[0.911s] Level 1:colcon.colcon_core.package_identification:_identify(sim/models/materials/textures) by extension 'cargo'
[0.911s] Level 1:colcon.colcon_core.package_identification:_identify(sim/models/materials/textures) by extension 'cmake'
[0.911s] Level 1:colcon.colcon_core.package_identification:_identify(sim/models/materials/textures) by extension 'python'
[0.911s] Level 1:colcon.colcon_core.package_identification:_identify(sim/models/materials/textures) by extensions ['python_setup_py']
[0.911s] Level 1:colcon.colcon_core.package_identification:_identify(sim/models/materials/textures) by extension 'python_setup_py'
[0.911s] Level 1:colcon.colcon_core.package_identification:_identify(sim/models/meshes) by extensions ['ignore', 'ignore_ament_install']
[0.911s] Level 1:colcon.colcon_core.package_identification:_identify(sim/models/meshes) by extension 'ignore'
[0.911s] Level 1:colcon.colcon_core.package_identification:_identify(sim/models/meshes) by extension 'ignore_ament_install'
[0.912s] Level 1:colcon.colcon_core.package_identification:_identify(sim/models/meshes) by extensions ['colcon_pkg']
[0.912s] Level 1:colcon.colcon_core.package_identification:_identify(sim/models/meshes) by extension 'colcon_pkg'
[0.912s] Level 1:colcon.colcon_core.package_identification:_identify(sim/models/meshes) by extensions ['colcon_meta']
[0.912s] Level 1:colcon.colcon_core.package_identification:_identify(sim/models/meshes) by extension 'colcon_meta'
[0.912s] Level 1:colcon.colcon_core.package_identification:_identify(sim/models/meshes) by extensions ['ament_cargo']
[0.912s] Level 1:colcon.colcon_core.package_identification:_identify(sim/models/meshes) by extension 'ament_cargo'
[0.912s] Level 1:colcon.colcon_core.package_identification:_identify(sim/models/meshes) by extensions ['ros']
[0.912s] Level 1:colcon.colcon_core.package_identification:_identify(sim/models/meshes) by extension 'ros'
[0.912s] Level 1:colcon.colcon_core.package_identification:_identify(sim/models/meshes) by extensions ['cargo', 'cmake', 'python']
[0.912s] Level 1:colcon.colcon_core.package_identification:_identify(sim/models/meshes) by extension 'cargo'
[0.912s] Level 1:colcon.colcon_core.package_identification:_identify(sim/models/meshes) by extension 'cmake'
[0.912s] Level 1:colcon.colcon_core.package_identification:_identify(sim/models/meshes) by extension 'python'
[0.912s] Level 1:colcon.colcon_core.package_identification:_identify(sim/models/meshes) by extensions ['python_setup_py']
[0.912s] Level 1:colcon.colcon_core.package_identification:_identify(sim/models/meshes) by extension 'python_setup_py'
[0.912s] Level 1:colcon.colcon_core.package_identification:_identify(sim/models/thumbnails) by extensions ['ignore', 'ignore_ament_install']
[0.912s] Level 1:colcon.colcon_core.package_identification:_identify(sim/models/thumbnails) by extension 'ignore'
[0.912s] Level 1:colcon.colcon_core.package_identification:_identify(sim/models/thumbnails) by extension 'ignore_ament_install'
[0.912s] Level 1:colcon.colcon_core.package_identification:_identify(sim/models/thumbnails) by extensions ['colcon_pkg']
[0.912s] Level 1:colcon.colcon_core.package_identification:_identify(sim/models/thumbnails) by extension 'colcon_pkg'
[0.912s] Level 1:colcon.colcon_core.package_identification:_identify(sim/models/thumbnails) by extensions ['colcon_meta']
[0.912s] Level 1:colcon.colcon_core.package_identification:_identify(sim/models/thumbnails) by extension 'colcon_meta'
[0.912s] Level 1:colcon.colcon_core.package_identification:_identify(sim/models/thumbnails) by extensions ['ament_cargo']
[0.912s] Level 1:colcon.colcon_core.package_identification:_identify(sim/models/thumbnails) by extension 'ament_cargo'
[0.912s] Level 1:colcon.colcon_core.package_identification:_identify(sim/models/thumbnails) by extensions ['ros']
[0.913s] Level 1:colcon.colcon_core.package_identification:_identify(sim/models/thumbnails) by extension 'ros'
[0.913s] Level 1:colcon.colcon_core.package_identification:_identify(sim/models/thumbnails) by extensions ['cargo', 'cmake', 'python']
[0.913s] Level 1:colcon.colcon_core.package_identification:_identify(sim/models/thumbnails) by extension 'cargo'
[0.913s] Level 1:colcon.colcon_core.package_identification:_identify(sim/models/thumbnails) by extension 'cmake'
[0.913s] Level 1:colcon.colcon_core.package_identification:_identify(sim/models/thumbnails) by extension 'python'
[0.913s] Level 1:colcon.colcon_core.package_identification:_identify(sim/models/thumbnails) by extensions ['python_setup_py']
[0.913s] Level 1:colcon.colcon_core.package_identification:_identify(sim/models/thumbnails) by extension 'python_setup_py'
[0.913s] Level 1:colcon.colcon_core.package_identification:_identify(sim/worlds) by extensions ['ignore', 'ignore_ament_install']
[0.913s] Level 1:colcon.colcon_core.package_identification:_identify(sim/worlds) by extension 'ignore'
[0.914s] Level 1:colcon.colcon_core.package_identification:_identify(sim/worlds) by extension 'ignore_ament_install'
[0.914s] Level 1:colcon.colcon_core.package_identification:_identify(sim/worlds) by extensions ['colcon_pkg']
[0.914s] Level 1:colcon.colcon_core.package_identification:_identify(sim/worlds) by extension 'colcon_pkg'
[0.914s] Level 1:colcon.colcon_core.package_identification:_identify(sim/worlds) by extensions ['colcon_meta']
[0.914s] Level 1:colcon.colcon_core.package_identification:_identify(sim/worlds) by extension 'colcon_meta'
[0.914s] Level 1:colcon.colcon_core.package_identification:_identify(sim/worlds) by extensions ['ament_cargo']
[0.914s] Level 1:colcon.colcon_core.package_identification:_identify(sim/worlds) by extension 'ament_cargo'
[0.914s] Level 1:colcon.colcon_core.package_identification:_identify(sim/worlds) by extensions ['ros']
[0.914s] Level 1:colcon.colcon_core.package_identification:_identify(sim/worlds) by extension 'ros'
[0.914s] Level 1:colcon.colcon_core.package_identification:_identify(sim/worlds) by extensions ['cargo', 'cmake', 'python']
[0.914s] Level 1:colcon.colcon_core.package_identification:_identify(sim/worlds) by extension 'cargo'
[0.914s] Level 1:colcon.colcon_core.package_identification:_identify(sim/worlds) by extension 'cmake'
[0.914s] Level 1:colcon.colcon_core.package_identification:_identify(sim/worlds) by extension 'python'
[0.914s] Level 1:colcon.colcon_core.package_identification:_identify(sim/worlds) by extensions ['python_setup_py']
[0.914s] Level 1:colcon.colcon_core.package_identification:_identify(sim/worlds) by extension 'python_setup_py'
[0.914s] Level 1:colcon.colcon_core.package_identification:_identify(src) by extensions ['ignore', 'ignore_ament_install']
[0.914s] Level 1:colcon.colcon_core.package_identification:_identify(src) by extension 'ignore'
[0.914s] Level 1:colcon.colcon_core.package_identification:_identify(src) by extension 'ignore_ament_install'
[0.914s] Level 1:colcon.colcon_core.package_identification:_identify(src) by extensions ['colcon_pkg']
[0.914s] Level 1:colcon.colcon_core.package_identification:_identify(src) by extension 'colcon_pkg'
[0.914s] Level 1:colcon.colcon_core.package_identification:_identify(src) by extensions ['colcon_meta']
[0.914s] Level 1:colcon.colcon_core.package_identification:_identify(src) by extension 'colcon_meta'
[0.914s] Level 1:colcon.colcon_core.package_identification:_identify(src) by extensions ['ament_cargo']
[0.915s] Level 1:colcon.colcon_core.package_identification:_identify(src) by extension 'ament_cargo'
[0.915s] Level 1:colcon.colcon_core.package_identification:_identify(src) by extensions ['ros']
[0.915s] Level 1:colcon.colcon_core.package_identification:_identify(src) by extension 'ros'
[0.915s] Level 1:colcon.colcon_core.package_identification:_identify(src) by extensions ['cargo', 'cmake', 'python']
[0.915s] Level 1:colcon.colcon_core.package_identification:_identify(src) by extension 'cargo'
[0.915s] Level 1:colcon.colcon_core.package_identification:_identify(src) by extension 'cmake'
[0.915s] Level 1:colcon.colcon_core.package_identification:_identify(src) by extension 'python'
[0.915s] Level 1:colcon.colcon_core.package_identification:_identify(src) by extensions ['python_setup_py']
[0.915s] Level 1:colcon.colcon_core.package_identification:_identify(src) by extension 'python_setup_py'
[0.915s] Level 1:colcon.colcon_core.package_identification:_identify(src/pioneer_gazebo) by extensions ['ignore', 'ignore_ament_install']
[0.915s] Level 1:colcon.colcon_core.package_identification:_identify(src/pioneer_gazebo) by extension 'ignore'
[0.915s] Level 1:colcon.colcon_core.package_identification:_identify(src/pioneer_gazebo) by extension 'ignore_ament_install'
[0.915s] Level 1:colcon.colcon_core.package_identification:_identify(src/pioneer_gazebo) by extensions ['colcon_pkg']
[0.915s] Level 1:colcon.colcon_core.package_identification:_identify(src/pioneer_gazebo) by extension 'colcon_pkg'
[0.915s] Level 1:colcon.colcon_core.package_identification:_identify(src/pioneer_gazebo) by extensions ['colcon_meta']
[0.915s] Level 1:colcon.colcon_core.package_identification:_identify(src/pioneer_gazebo) by extension 'colcon_meta'
[0.915s] Level 1:colcon.colcon_core.package_identification:_identify(src/pioneer_gazebo) by extensions ['ament_cargo']
[0.915s] Level 1:colcon.colcon_core.package_identification:_identify(src/pioneer_gazebo) by extension 'ament_cargo'
[0.915s] Level 1:colcon.colcon_core.package_identification:_identify(src/pioneer_gazebo) by extensions ['ros']
[0.915s] Level 1:colcon.colcon_core.package_identification:_identify(src/pioneer_gazebo) by extension 'ros'
[0.918s] DEBUG:colcon.colcon_core.package_identification:Package 'src/pioneer_gazebo' with type 'ros.ament_python' and name 'pioneer_gazebo'
[0.918s] Level 1:colcon.colcon_core.package_identification:_identify(tests) by extensions ['ignore', 'ignore_ament_install']
[0.918s] Level 1:colcon.colcon_core.package_identification:_identify(tests) by extension 'ignore'
[0.918s] Level 1:colcon.colcon_core.package_identification:_identify(tests) by extension 'ignore_ament_install'
[0.918s] Level 1:colcon.colcon_core.package_identification:_identify(tests) by extensions ['colcon_pkg']
[0.918s] Level 1:colcon.colcon_core.package_identification:_identify(tests) by extension 'colcon_pkg'
[0.918s] Level 1:colcon.colcon_core.package_identification:_identify(tests) by extensions ['colcon_meta']
[0.919s] Level 1:colcon.colcon_core.package_identification:_identify(tests) by extension 'colcon_meta'
[0.919s] Level 1:colcon.colcon_core.package_identification:_identify(tests) by extensions ['ament_cargo']
[0.919s] Level 1:colcon.colcon_core.package_identification:_identify(tests) by extension 'ament_cargo'
[0.919s] Level 1:colcon.colcon_core.package_identification:_identify(tests) by extensions ['ros']
[0.919s] Level 1:colcon.colcon_core.package_identification:_identify(tests) by extension 'ros'
[0.919s] Level 1:colcon.colcon_core.package_identification:_identify(tests) by extensions ['cargo', 'cmake', 'python']
[0.919s] Level 1:colcon.colcon_core.package_identification:_identify(tests) by extension 'cargo'
[0.919s] Level 1:colcon.colcon_core.package_identification:_identify(tests) by extension 'cmake'
[0.919s] Level 1:colcon.colcon_core.package_identification:_identify(tests) by extension 'python'
[0.919s] Level 1:colcon.colcon_core.package_identification:_identify(tests) by extensions ['python_setup_py']
[0.919s] Level 1:colcon.colcon_core.package_identification:_identify(tests) by extension 'python_setup_py'
[0.919s] Level 1:colcon.colcon_core.package_identification:_identify(tools) by extensions ['ignore', 'ignore_ament_install']
[0.919s] Level 1:colcon.colcon_core.package_identification:_identify(tools) by extension 'ignore'
[0.919s] Level 1:colcon.colcon_core.package_identification:_identify(tools) by extension 'ignore_ament_install'
[0.919s] Level 1:colcon.colcon_core.package_identification:_identify(tools) by extensions ['colcon_pkg']
[0.919s] Level 1:colcon.colcon_core.package_identification:_identify(tools) by extension 'colcon_pkg'
[0.919s] Level 1:colcon.colcon_core.package_identification:_identify(tools) by extensions ['colcon_meta']
[0.919s] Level 1:colcon.colcon_core.package_identification:_identify(tools) by extension 'colcon_meta'
[0.919s] Level 1:colcon.colcon_core.package_identification:_identify(tools) by extensions ['ament_cargo']
[0.919s] Level 1:colcon.colcon_core.package_identification:_identify(tools) by extension 'ament_cargo'
[0.919s] Level 1:colcon.colcon_core.package_identification:_identify(tools) by extensions ['ros']
[0.919s] Level 1:colcon.colcon_core.package_identification:_identify(tools) by extension 'ros'
[0.919s] Level 1:colcon.colcon_core.package_identification:_identify(tools) by extensions ['cargo', 'cmake', 'python']
[0.920s] Level 1:colcon.colcon_core.package_identification:_identify(tools) by extension 'cargo'
[0.920s] Level 1:colcon.colcon_core.package_identification:_identify(tools) by extension 'cmake'
[0.920s] Level 1:colcon.colcon_core.package_identification:_identify(tools) by extension 'python'
[0.920s] Level 1:colcon.colcon_core.package_identification:_identify(tools) by extensions ['python_setup_py']
[0.920s] Level 1:colcon.colcon_core.package_identification:_identify(tools) by extension 'python_setup_py'
[0.920s] Level 1:colcon.colcon_core.package_discovery:discover_packages(recursive) using defaults
[0.920s] Level 1:colcon.colcon_core.package_discovery:discover_packages(ignore) discover
[0.920s] Level 1:colcon.colcon_core.package_discovery:discover_packages(ignore) using defaults
[0.920s] Level 1:colcon.colcon_core.package_discovery:discover_packages(path) discover
[0.920s] Level 1:colcon.colcon_core.package_discovery:discover_packages(path) using defaults
[1.082s] Level 5:colcon.colcon_core.verb:set package 'pioneer_gazebo' build argument 'lookup_in_workspace' from command line to 'False'
[1.083s] Level 5:colcon.colcon_core.verb:set package 'pioneer_gazebo' build argument 'cargo_args' from command line to 'None'
[1.083s] Level 5:colcon.colcon_core.verb:set package 'pioneer_gazebo' build argument 'clean_build' from command line to 'False'
[1.083s] Level 5:colcon.colcon_core.verb:set package 'pioneer_gazebo' build argument 'cmake_args' from command line to 'None'
[1.083s] Level 5:colcon.colcon_core.verb:set package 'pioneer_gazebo' build argument 'cmake_target' from command line to 'None'
[1.083s] Level 5:colcon.colcon_core.verb:set package 'pioneer_gazebo' build argument 'cmake_target_skip_unavailable' from command line to 'False'
[1.083s] Level 5:colcon.colcon_core.verb:set package 'pioneer_gazebo' build argument 'cmake_clean_cache' from command line to 'False'
[1.083s] Level 5:colcon.colcon_core.verb:set package 'pioneer_gazebo' build argument 'cmake_clean_first' from command line to 'False'
[1.083s] Level 5:colcon.colcon_core.verb:set package 'pioneer_gazebo' build argument 'cmake_force_configure' from command line to 'False'
[1.083s] Level 5:colcon.colcon_core.verb:set package 'pioneer_gazebo' build argument 'ament_cmake_args' from command line to 'None'
[1.083s] Level 5:colcon.colcon_core.verb:set package 'pioneer_gazebo' build argument 'catkin_cmake_args' from command line to 'None'
[1.083s] Level 5:colcon.colcon_core.verb:set package 'pioneer_gazebo' build argument 'catkin_skip_building_tests' from command line to 'False'
[1.083s] DEBUG:colcon.colcon_core.verb:Building package 'pioneer_gazebo' with the following arguments: {'ament_cmake_args': None, 'build_base': '/home/user/robot/build/pioneer_gazebo', 'cargo_args': None, 'catkin_cmake_args': None, 'catkin_skip_building_tests': False, 'clean_build': False, 'cmake_args': None, 'cmake_clean_cache': False, 'cmake_clean_first': False, 'cmake_force_configure': False, 'cmake_target': None, 'cmake_target_skip_unavailable': False, 'install_base': '/home/user/robot/install/pioneer_gazebo', 'lookup_in_workspace': False, 'merge_install': False, 'path': '/home/user/robot/src/pioneer_gazebo', 'symlink_install': True, 'test_result_base': None}
[1.083s] INFO:colcon.colcon_core.executor:Executing jobs using 'parallel' executor
[1.085s] DEBUG:colcon.colcon_parallel_executor.executor.parallel:run_until_complete
[1.086s] INFO:colcon.colcon_ros.task.ament_python.build:Building ROS package in '/home/user/robot/src/pioneer_gazebo' with build type 'ament_python'
[1.086s] Level 1:colcon.colcon_core.shell:create_environment_hook('pioneer_gazebo', 'ament_prefix_path')
[1.090s] INFO:colcon.colcon_core.plugin_system:Skipping extension 'colcon_core.shell.bat': Not used on non-Windows systems
[1.090s] INFO:colcon.colcon_core.shell:Creating environment hook '/home/user/robot/install/pioneer_gazebo/share/pioneer_gazebo/hook/ament_prefix_path.ps1'
[1.091s] INFO:colcon.colcon_core.shell:Creating environment descriptor '/home/user/robot/install/pioneer_gazebo/share/pioneer_gazebo/hook/ament_prefix_path.dsv'
[1.092s] INFO:colcon.colcon_core.shell:Creating environment hook '/home/user/robot/install/pioneer_gazebo/share/pioneer_gazebo/hook/ament_prefix_path.sh'
[1.093s] INFO:colcon.colcon_core.shell:Skip shell extension 'powershell' for command environment: Not usable outside of PowerShell
[1.093s] DEBUG:colcon.colcon_core.shell:Skip shell extension 'dsv' for command environment
[2.482s] INFO:colcon.colcon_core.task.python.build:Building Python package in '/home/user/robot/src/pioneer_gazebo'
[2.483s] INFO:colcon.colcon_core.shell:Skip shell extension 'powershell' for command environment: Not usable outside of PowerShell
[2.483s] DEBUG:colcon.colcon_core.shell:Skip shell extension 'dsv' for command environment
[5.092s] DEBUG:colcon.colcon_core.event_handler.log_command:Invoking command in '/home/user/robot/build/pioneer_gazebo': PYTHONPATH=/home/user/robot/build/pioneer_gazebo/prefix_override:/usr/lib/python3/dist-packages/colcon_core/task/python/colcon_distutils_commands:/home/user/robot/install/pioneer_gazebo/lib/python3.10/site-packages:${PYTHONPATH} _=/usr/bin/env /usr/bin/python3 -W ignore:setup.py install is deprecated -W ignore:easy_install command is deprecated setup.py develop --editable --build-directory /home/user/robot/build/pioneer_gazebo/build --no-deps symlink_data
[8.882s] Level 1:colcon.colcon_core.shell:create_environment_hook('pioneer_gazebo', 'pythonpath_develop')
[8.884s] INFO:colcon.colcon_core.shell:Creating environment hook '/home/user/robot/build/pioneer_gazebo/share/pioneer_gazebo/hook/pythonpath_develop.ps1'
[8.883s] DEBUG:colcon.colcon_core.event_handler.log_command:Invoked command in '/home/user/robot/build/pioneer_gazebo' returned '0': PYTHONPATH=/home/user/robot/build/pioneer_gazebo/prefix_override:/usr/lib/python3/dist-packages/colcon_core/task/python/colcon_distutils_commands:/home/user/robot/install/pioneer_gazebo/lib/python3.10/site-packages:${PYTHONPATH} _=/usr/bin/env /usr/bin/python3 -W ignore:setup.py install is deprecated -W ignore:easy_install command is deprecated setup.py develop --editable --build-directory /home/user/robot/build/pioneer_gazebo/build --no-deps symlink_data
[8.884s] INFO:colcon.colcon_core.shell:Creating environment descriptor '/home/user/robot/build/pioneer_gazebo/share/pioneer_gazebo/hook/pythonpath_develop.dsv'
[8.885s] INFO:colcon.colcon_core.shell:Creating environment hook '/home/user/robot/build/pioneer_gazebo/share/pioneer_gazebo/hook/pythonpath_develop.sh'
[8.895s] Level 1:colcon.colcon_core.environment:checking '/home/user/robot/install/pioneer_gazebo' for CMake module files
[8.896s] Level 1:colcon.colcon_core.environment:checking '/home/user/robot/install/pioneer_gazebo' for CMake config files
[8.897s] Level 1:colcon.colcon_core.environment:checking '/home/user/robot/install/pioneer_gazebo/lib'
[8.897s] Level 1:colcon.colcon_core.environment:checking '/home/user/robot/install/pioneer_gazebo/bin'
[8.898s] Level 1:colcon.colcon_core.environment:checking '/home/user/robot/install/pioneer_gazebo/lib/pkgconfig/pioneer_gazebo.pc'
[8.898s] Level 1:colcon.colcon_core.environment:checking '/home/user/robot/install/pioneer_gazebo/lib/python3.10/site-packages'
[8.898s] Level 1:colcon.colcon_core.shell:create_environment_hook('pioneer_gazebo', 'pythonpath')
[8.899s] INFO:colcon.colcon_core.shell:Creating environment hook '/home/user/robot/install/pioneer_gazebo/share/pioneer_gazebo/hook/pythonpath.ps1'
[8.899s] INFO:colcon.colcon_core.shell:Creating environment descriptor '/home/user/robot/install/pioneer_gazebo/share/pioneer_gazebo/hook/pythonpath.dsv'
[8.900s] INFO:colcon.colcon_core.shell:Creating environment hook '/home/user/robot/install/pioneer_gazebo/share/pioneer_gazebo/hook/pythonpath.sh'
[8.901s] Level 1:colcon.colcon_core.environment:checking '/home/user/robot/install/pioneer_gazebo/bin'
[8.901s] Level 1:colcon.colcon_core.environment:create_environment_scripts_only(pioneer_gazebo)
[8.901s] INFO:colcon.colcon_core.shell:Creating package script '/home/user/robot/install/pioneer_gazebo/share/pioneer_gazebo/package.ps1'
[8.903s] INFO:colcon.colcon_core.shell:Creating package descriptor '/home/user/robot/install/pioneer_gazebo/share/pioneer_gazebo/package.dsv'
[8.903s] INFO:colcon.colcon_core.shell:Creating package script '/home/user/robot/install/pioneer_gazebo/share/pioneer_gazebo/package.sh'
[8.905s] INFO:colcon.colcon_core.shell:Creating package script '/home/user/robot/install/pioneer_gazebo/share/pioneer_gazebo/package.bash'
[8.906s] INFO:colcon.colcon_core.shell:Creating package script '/home/user/robot/install/pioneer_gazebo/share/pioneer_gazebo/package.zsh'
[8.907s] Level 1:colcon.colcon_core.environment:create_file_with_runtime_dependencies(/home/user/robot/install/pioneer_gazebo/share/colcon-core/packages/pioneer_gazebo)
[8.908s] DEBUG:colcon.colcon_parallel_executor.executor.parallel:closing loop
[8.908s] DEBUG:colcon.colcon_parallel_executor.executor.parallel:loop closed
[8.908s] DEBUG:colcon.colcon_parallel_executor.executor.parallel:run_until_complete finished with '0'
[8.908s] DEBUG:colcon.colcon_core.event_reactor:joining thread
[8.916s] INFO:colcon.colcon_core.plugin_system:Skipping extension 'colcon_notification.desktop_notification.notify_send': Could not find 'notify-send'
[8.916s] INFO:colcon.colcon_core.plugin_system:Skipping extension 'colcon_notification.desktop_notification.terminal_notifier': Not used on non-Darwin systems
[8.916s] INFO:colcon.colcon_core.plugin_system:Skipping extension 'colcon_notification.desktop_notification.win32': Not used on non-Windows systems
[8.916s] INFO:colcon.colcon_notification.desktop_notification:Sending desktop notification using 'notify2'
[8.987s] DEBUG:colcon.colcon_notification.desktop_notification.notify2:Failed to initialize notify2: org.freedesktop.DBus.Error.Spawn.ExecFailed: /usr/bin/dbus-launch terminated abnormally without any error message
[8.987s] DEBUG:colcon.colcon_core.event_reactor:joined thread
[8.988s] INFO:colcon.colcon_core.shell:Creating prefix script '/home/user/robot/install/local_setup.ps1'
[8.990s] INFO:colcon.colcon_core.shell:Creating prefix util module '/home/user/robot/install/_local_setup_util_ps1.py'
[8.993s] INFO:colcon.colcon_core.shell:Creating prefix chain script '/home/user/robot/install/setup.ps1'
[8.995s] INFO:colcon.colcon_core.shell:Creating prefix script '/home/user/robot/install/local_setup.sh'
[8.996s] INFO:colcon.colcon_core.shell:Creating prefix util module '/home/user/robot/install/_local_setup_util_sh.py'
[8.997s] INFO:colcon.colcon_core.shell:Creating prefix chain script '/home/user/robot/install/setup.sh'
[8.999s] INFO:colcon.colcon_core.shell:Creating prefix script '/home/user/robot/install/local_setup.bash'
[9.000s] INFO:colcon.colcon_core.shell:Creating prefix chain script '/home/user/robot/install/setup.bash'
[9.002s] INFO:colcon.colcon_core.shell:Creating prefix script '/home/user/robot/install/local_setup.zsh'
[9.003s] INFO:colcon.colcon_core.shell:Creating prefix chain script '/home/user/robot/install/setup.zsh'
